<?xml version="1.0" encoding="UTF-8"?>
<testsuite xmlns:xsi="http://www.w3.org/2001/XMLSchema-instance" xsi:noNamespaceSchemaLocation="https://maven.apache.org/surefire/maven-surefire-plugin/xsd/surefire-test-report-3.0.xsd" version="3.0" name="com.umbrella.tests.web.LoginTest" time="119.383" tests="9" errors="1" skipped="0" failures="6">
  <properties>
[...]
</properties>
  <testcase name="testTC08_LoginWithRememberMe" classname="com.umbrella.tests.web.LoginTest" time="20.594">
    <failure message="TC08 FAILED - no such element: Unable to locate element: {&quot;method&quot;:&quot;xpath&quot;,&quot;selector&quot;:&quot;//button[@class=&apos;btn btn-primary&apos;][@type=&apos;submit&apos;]&quot;}&#10;  (Session info: chrome=147.0.7727.138)&#10;For documentation on this error, please visit: https://www.selenium.dev/documentation/webdriver/troubleshooting/errors#no-such-element-exception&#10;Build info: version: &apos;4.15.0&apos;, revision: &apos;1d14b5521b&apos;&#10;System info: os.name: &apos;Windows 11&apos;, os.arch: &apos;amd64&apos;, os.version: &apos;10.0&apos;, java.version: &apos;11.0.30&apos;&#10;Driver info: org.openqa.selenium.chrome.ChromeDriver&#10;Command: [668e3f6f87f1e03b3c7a023b9e6b33e3, findElement {using=xpath, value=//button[@class=&apos;btn btn-primary&apos;][@type=&apos;submit&apos;]}]&#10;Capabilities {acceptInsecureCerts: false, browserName: chrome, browserVersion: 147.0.7727.138, chrome: {chromedriverVersion: 147.0.7727.117 (474cc805edd..., userDataDir: C:\Users\ADMIN\AppData\Loca...}, fedcm:accounts: true, goog:chromeOptions: {debuggerAddress: localhost:56366}, goog:processID: 10700, networkConnectionEnabled: false, pageLoadStrategy: normal, platformName: windows, proxy: Proxy(), se:cdp: ws://localhost:56366/devtoo..., se:cdpVersion: 147.0.7727.138, setWindowRect: true, strictFileInteractability: false, timeouts: {implicit: 0, pageLoad: 300000, script: 30000}, unhandledPromptBehavior: dismiss and notify, webauthn:extension:credBlob: true, webauthn:extension:largeBlob: true, webauthn:extension:minPinLength: true, webauthn:extension:prf: true, webauthn:virtualAuthenticators: true}&#10;Session ID: 668e3f6f87f1e03b3c7a023b9e6b33e3" type="java.lang.AssertionError"><![CDATA[java.lang.AssertionError: 
TC08 FAILED - no such element: Unable to locate element: {"method":"xpath","selector":"//button[@class='btn btn-primary'][@type='submit']"}
  (Session info: chrome=147.0.7727.138)
For documentation on this error, please visit: https://www.selenium.dev/documentation/webdriver/troubleshooting/errors#no-such-element-exception
Build info: version: '4.15.0', revision: '1d14b5521b'
System info: os.name: 'Windows 11', os.arch: 'amd64', os.version: '10.0', java.version: '11.0.30'
Driver info: org.openqa.selenium.chrome.ChromeDriver
Command: [668e3f6f87f1e03b3c7a023b9e6b33e3, findElement {using=xpath, value=//button[@class='btn btn-primary'][@type='submit']}]
Capabilities {acceptInsecureCerts: false, browserName: chrome, browserVersion: 147.0.7727.138, chrome: {chromedriverVersion: 147.0.7727.117 (474cc805edd..., userDataDir: C:\Users\ADMIN\AppData\Loca...}, fedcm:accounts: true, goog:chromeOptions: {debuggerAddress: localhost:56366}, goog:processID: 10700, networkConnectionEnabled: false, pageLoadStrategy: normal, platformName: windows, proxy: Proxy(), se:cdp: ws://localhost:56366/devtoo..., se:cdpVersion: 147.0.7727.138, setWindowRect: true, strictFileInteractability: false, timeouts: {implicit: 0, pageLoad: 300000, script: 30000}, unhandledPromptBehavior: dismiss and notify, webauthn:extension:credBlob: true, webauthn:extension:largeBlob: true, webauthn:extension:minPinLength: true, webauthn:extension:prf: true, webauthn:virtualAuthenticators: true}
Session ID: 668e3f6f87f1e03b3c7a023b9e6b33e3
	at org.junit.Assert.fail(Assert.java:89)
	at org.junit.Assert.assertTrue(Assert.java:42)
	at com.umbrella.tests.web.LoginTest.testTC08_LoginWithRememberMe(LoginTest.java:603)
	at java.base/jdk.internal.reflect.NativeMethodAccessorImpl.invoke0(Native Method)
	at java.base/jdk.internal.reflect.NativeMethodAccessorImpl.invoke(NativeMethodAccessorImpl.java:62)
	at java.base/jdk.internal.reflect.DelegatingMethodAccessorImpl.invoke(DelegatingMethodAccessorImpl.java:43)
	at java.base/java.lang.reflect.Method.invoke(Method.java:566)
	at org.junit.runners.model.FrameworkMethod$1.runReflectiveCall(FrameworkMethod.java:59)
	at org.junit.internal.runners.model.ReflectiveCallable.run(ReflectiveCallable.java:12)
	at org.junit.runners.model.FrameworkMethod.invokeExplosively(FrameworkMethod.java:56)
	at org.junit.internal.runners.statements.InvokeMethod.evaluate(InvokeMethod.java:17)
	at org.junit.internal.runners.statements.RunBefores.evaluate(RunBefores.java:26)
	at org.junit.internal.runners.statements.RunAfters.evaluate(RunAfters.java:27)
	at org.junit.runners.ParentRunner$3.evaluate(ParentRunner.java:306)
	at org.junit.runners.BlockJUnit4ClassRunner$1.evaluate(BlockJUnit4ClassRunner.java:100)
	at org.junit.runners.ParentRunner.runLeaf(ParentRunner.java:366)
	at org.junit.runners.BlockJUnit4ClassRunner.runChild(BlockJUnit4ClassRunner.java:103)
	at org.junit.runners.BlockJUnit4ClassRunner.runChild(BlockJUnit4ClassRunner.java:63)
	at org.junit.runners.ParentRunner$4.run(ParentRunner.java:331)
	at org.junit.runners.ParentRunner$1.schedule(ParentRunner.java:79)
	at org.junit.runners.ParentRunner.runChildren(ParentRunner.java:329)
	at org.junit.runners.ParentRunner.access$100(ParentRunner.java:66)
	at org.junit.runners.ParentRunner$2.evaluate(ParentRunner.java:293)
	at org.junit.runners.ParentRunner$3.evaluate(ParentRunner.java:306)
	at org.junit.runners.ParentRunner.run(ParentRunner.java:413)
	at org.apache.maven.surefire.junit4.JUnit4Provider.execute(JUnit4Provider.java:316)
	at org.apache.maven.surefire.junit4.JUnit4Provider.executeWithRerun(JUnit4Provider.java:240)
	at org.apache.maven.surefire.junit4.JUnit4Provider.executeTestSet(JUnit4Provider.java:214)
	at org.apache.maven.surefire.junit4.JUnit4Provider.invoke(JUnit4Provider.java:155)
	at org.apache.maven.surefire.booter.ForkedBooter.runSuitesInProcess(ForkedBooter.java:385)
	at org.apache.maven.surefire.booter.ForkedBooter.execute(ForkedBooter.java:162)
	at org.apache.maven.surefire.booter.ForkedBooter.run(ForkedBooter.java:507)
	at org.apache.maven.surefire.booter.ForkedBooter.main(ForkedBooter.java:495)
]]></failure>
    <system-out><![CDATA[ERROR StatusConsoleListener Could not create plugin of type class org.apache.logging.log4j.core.appender.RollingFileAppender for element RollingFile
 org.apache.logging.log4j.core.config.ConfigurationException: Configuration has multiple incompatible Appenders pointing to the same resource './logs/test-execution.log'
	at org.apache.logging.log4j.core.appender.AbstractManager.narrow(AbstractManager.java:200)
	at org.apache.logging.log4j.core.appender.rolling.RollingFileManager.getFileManager(RollingFileManager.java:217)
	at org.apache.logging.log4j.core.appender.RollingFileAppender$Builder.build(RollingFileAppender.java:135)
	at org.apache.logging.log4j.core.appender.RollingFileAppender$Builder.build(RollingFileAppender.java:62)
	at org.apache.logging.log4j.core.config.plugins.util.PluginBuilder.build(PluginBuilder.java:124)
	at org.apache.logging.log4j.core.config.AbstractConfiguration.createPluginObject(AbstractConfiguration.java:1138)
	at org.apache.logging.log4j.core.config.AbstractConfiguration.createConfiguration(AbstractConfiguration.java:1063)
	at org.apache.logging.log4j.core.config.AbstractConfiguration.createConfiguration(AbstractConfiguration.java:1055)
	at org.apache.logging.log4j.core.config.AbstractConfiguration.doConfigure(AbstractConfiguration.java:664)
	at org.apache.logging.log4j.core.config.AbstractConfiguration.initialize(AbstractConfiguration.java:258)
	at org.apache.logging.log4j.core.config.AbstractConfiguration.start(AbstractConfiguration.java:304)
	at org.apache.logging.log4j.core.LoggerContext.setConfiguration(LoggerContext.java:621)
	at org.apache.logging.log4j.core.LoggerContext.reconfigure(LoggerContext.java:694)
	at org.apache.logging.log4j.core.LoggerContext.reconfigure(LoggerContext.java:711)
	at org.apache.logging.log4j.core.LoggerContext.start(LoggerContext.java:253)
	at org.apache.logging.log4j.core.impl.Log4jContextFactory.getContext(Log4jContextFactory.java:155)
	at org.apache.logging.log4j.core.impl.Log4jContextFactory.getContext(Log4jContextFactory.java:47)
	at org.apache.logging.log4j.LogManager.getContext(LogManager.java:196)
	at org.apache.logging.log4j.LogManager.getLogger(LogManager.java:599)
	at com.umbrella.base.BaseTest.<clinit>(BaseTest.java:26)
	at java.base/jdk.internal.reflect.NativeConstructorAccessorImpl.newInstance0(Native Method)
	at java.base/jdk.internal.reflect.NativeConstructorAccessorImpl.newInstance(NativeConstructorAccessorImpl.java:62)
	at java.base/jdk.internal.reflect.DelegatingConstructorAccessorImpl.newInstance(DelegatingConstructorAccessorImpl.java:45)
	at java.base/java.lang.reflect.Constructor.newInstance(Constructor.java:490)
	at org.junit.runners.BlockJUnit4ClassRunner.createTest(BlockJUnit4ClassRunner.java:250)
	at org.junit.runners.BlockJUnit4ClassRunner.createTest(BlockJUnit4ClassRunner.java:260)
	at org.junit.runners.BlockJUnit4ClassRunner$2.runReflectiveCall(BlockJUnit4ClassRunner.java:309)
	at org.junit.internal.runners.model.ReflectiveCallable.run(ReflectiveCallable.java:12)
	at org.junit.runners.BlockJUnit4ClassRunner.methodBlock(BlockJUnit4ClassRunner.java:306)
	at org.junit.runners.BlockJUnit4ClassRunner$1.evaluate(BlockJUnit4ClassRunner.java:100)
	at org.junit.runners.ParentRunner.runLeaf(ParentRunner.java:366)
	at org.junit.runners.BlockJUnit4ClassRunner.runChild(BlockJUnit4ClassRunner.java:103)
	at org.junit.runners.BlockJUnit4ClassRunner.runChild(BlockJUnit4ClassRunner.java:63)
	at org.junit.runners.ParentRunner$4.run(ParentRunner.java:331)
	at org.junit.runners.ParentRunner$1.schedule(ParentRunner.java:79)
	at org.junit.runners.ParentRunner.runChildren(ParentRunner.java:329)
	at org.junit.runners.ParentRunner.access$100(ParentRunner.java:66)
	at org.junit.runners.ParentRunner$2.evaluate(ParentRunner.java:293)
	at org.junit.runners.ParentRunner$3.evaluate(ParentRunner.java:306)
	at org.junit.runners.ParentRunner.run(ParentRunner.java:413)
	at org.apache.maven.surefire.junit4.JUnit4Provider.execute(JUnit4Provider.java:316)
	at org.apache.maven.surefire.junit4.JUnit4Provider.executeWithRerun(JUnit4Provider.java:240)
	at org.apache.maven.surefire.junit4.JUnit4Provider.executeTestSet(JUnit4Provider.java:214)
	at org.apache.maven.surefire.junit4.JUnit4Provider.invoke(JUnit4Provider.java:155)
	at org.apache.maven.surefire.booter.ForkedBooter.runSuitesInProcess(ForkedBooter.java:385)
	at org.apache.maven.surefire.booter.ForkedBooter.execute(ForkedBooter.java:162)
	at org.apache.maven.surefire.booter.ForkedBooter.run(ForkedBooter.java:507)
	at org.apache.maven.surefire.booter.ForkedBooter.main(ForkedBooter.java:495)
ERROR StatusConsoleListener Null object returned for RollingFile in Appenders.
ERROR StatusConsoleListener Unable to locate appender "RollingFile" for logger config "root"
ERROR StatusConsoleListener Unable to locate appender "RollingFile" for logger config "com.umbrella"
2026-05-06 02:16:11 [INFO ] BaseTest - ========== B?t ??u Test Setup ==========
2026-05-06 02:16:11 [INFO ] BaseTest - Kh?i t?o WebDriver cho browser: CHROME
2026-05-06 02:16:15 [INFO ] BaseTest - ?i?u h??ng ??n URL: http://localhost/umbrella-corporation
2026-05-06 02:16:19 [INFO ] BaseTest - ========== Test Setup Hoàn Thành ==========
2026-05-06 02:16:19 [INFO ] BaseTest - ?i?u h??ng ??n URL: http://localhost/umbrella-corporation
2026-05-06 02:16:20 [INFO ] BasePage - Kh?i t?o LoginPage
2026-05-06 02:16:20 [INFO ] BaseTest - Setup hoàn thành - Login page ?ã s?n sàng
2026-05-06 02:16:20 [INFO ] BaseTest - ========== W-F-01-TC08: ??ng nh?p v?i Remember Me ==========
2026-05-06 02:16:20 [INFO ] BaseTest - B??c 1: Nh?p email
2026-05-06 02:16:20 [INFO ] BasePage - Nh?p email: phongkaster@gmail.com
2026-05-06 02:16:20 [INFO ] ElementUtils - Nh?p text 'phongkaster@gmail.com' vào: By.name: email
2026-05-06 02:16:20 [INFO ] BaseTest - B??c 2: Nh?p m?t kh?u
2026-05-06 02:16:20 [INFO ] BasePage - Nh?p password
2026-05-06 02:16:20 [INFO ] ElementUtils - Nh?p text '123456' vào: By.name: password
2026-05-06 02:16:20 [INFO ] BaseTest - B??c 3: Nh?n nút ??ng nh?p
2026-05-06 02:16:20 [INFO ] BasePage - Nh?n nút ??ng nh?p
2026-05-06 02:16:20 [INFO ] ElementUtils - Click vào element: By.xpath: //button[@class='btn btn-primary'][@type='submit']
2026-05-06 02:16:30 [ERROR] BaseTest - TC08 FAILED: no such element: Unable to locate element: {"method":"xpath","selector":"//button[@class='btn btn-primary'][@type='submit']"}
  (Session info: chrome=147.0.7727.138)
For documentation on this error, please visit: https://www.selenium.dev/documentation/webdriver/troubleshooting/errors#no-such-element-exception
Build info: version: '4.15.0', revision: '1d14b5521b'
System info: os.name: 'Windows 11', os.arch: 'amd64', os.version: '10.0', java.version: '11.0.30'
Driver info: org.openqa.selenium.chrome.ChromeDriver
Command: [668e3f6f87f1e03b3c7a023b9e6b33e3, findElement {using=xpath, value=//button[@class='btn btn-primary'][@type='submit']}]
Capabilities {acceptInsecureCerts: false, browserName: chrome, browserVersion: 147.0.7727.138, chrome: {chromedriverVersion: 147.0.7727.117 (474cc805edd..., userDataDir: C:\Users\ADMIN\AppData\Loca...}, fedcm:accounts: true, goog:chromeOptions: {debuggerAddress: localhost:56366}, goog:processID: 10700, networkConnectionEnabled: false, pageLoadStrategy: normal, platformName: windows, proxy: Proxy(), se:cdp: ws://localhost:56366/devtoo..., se:cdpVersion: 147.0.7727.138, setWindowRect: true, strictFileInteractability: false, timeouts: {implicit: 0, pageLoad: 300000, script: 30000}, unhandledPromptBehavior: dismiss and notify, webauthn:extension:credBlob: true, webauthn:extension:largeBlob: true, webauthn:extension:minPinLength: true, webauthn:extension:prf: true, webauthn:virtualAuthenticators: true}
Session ID: 668e3f6f87f1e03b3c7a023b9e6b33e3
2026-05-06 02:16:30 [INFO ] BaseTest - ========== W-F-01: B?t ??u Test Teardown ==========
2026-05-06 02:16:30 [INFO ] BaseTest - ========== B?t ??u Test Teardown ==========
2026-05-06 02:16:30 [INFO ] BaseTest - ?óng WebDriver
2026-05-06 02:16:30 [INFO ] BaseTest - ========== Test Teardown Hoàn Thành ==========
2026-05-06 02:16:30 [INFO ] BaseTest - ========== W-F-01: Test Teardown Hoàn Thành ==========
]]></system-out>
    <system-err><![CDATA[SLF4J: No SLF4J providers were found.
SLF4J: Defaulting to no-operation (NOP) logger implementation
SLF4J: See https://www.slf4j.org/codes.html#noProviders for further details.
May 06, 2026 2:16:15 AM org.openqa.selenium.devtools.CdpVersionFinder findNearestMatch
WARNING: Unable to find CDP implementation matching 147
May 06, 2026 2:16:15 AM org.openqa.selenium.chromium.ChromiumDriver lambda$new$5
WARNING: Unable to find version of CDP to use for 147.0.7727.138. You may need to include a dependency on a specific version of the CDP using something similar to `org.seleniumhq.selenium:selenium-devtools-v86:4.15.0` where the version ("v86") matches the version of the chromium-based browser you're using and the version number of the artifact is the same as Selenium's.
]]></system-err>
  </testcase>
  <testcase name="testTC07_LoginRedirectToDoctorDashboard" classname="com.umbrella.tests.web.LoginTest" time="15.247">
    <failure message="TC07 FAILED - no such element: Unable to locate element: {&quot;method&quot;:&quot;xpath&quot;,&quot;selector&quot;:&quot;//button[@class=&apos;btn btn-primary&apos;][@type=&apos;submit&apos;]&quot;}&#10;  (Session info: chrome=147.0.7727.138)&#10;For documentation on this error, please visit: https://www.selenium.dev/documentation/webdriver/troubleshooting/errors#no-such-element-exception&#10;Build info: version: &apos;4.15.0&apos;, revision: &apos;1d14b5521b&apos;&#10;System info: os.name: &apos;Windows 11&apos;, os.arch: &apos;amd64&apos;, os.version: &apos;10.0&apos;, java.version: &apos;11.0.30&apos;&#10;Driver info: org.openqa.selenium.chrome.ChromeDriver&#10;Command: [c5327b57e9ddffaa5e36f7144f7283e3, findElement {using=xpath, value=//button[@class=&apos;btn btn-primary&apos;][@type=&apos;submit&apos;]}]&#10;Capabilities {acceptInsecureCerts: false, browserName: chrome, browserVersion: 147.0.7727.138, chrome: {chromedriverVersion: 147.0.7727.117 (474cc805edd..., userDataDir: C:\Users\ADMIN\AppData\Loca...}, fedcm:accounts: true, goog:chromeOptions: {debuggerAddress: localhost:61513}, goog:processID: 15824, networkConnectionEnabled: false, pageLoadStrategy: normal, platformName: windows, proxy: Proxy(), se:cdp: ws://localhost:61513/devtoo..., se:cdpVersion: 147.0.7727.138, setWindowRect: true, strictFileInteractability: false, timeouts: {implicit: 0, pageLoad: 300000, script: 30000}, unhandledPromptBehavior: dismiss and notify, webauthn:extension:credBlob: true, webauthn:extension:largeBlob: true, webauthn:extension:minPinLength: true, webauthn:extension:prf: true, webauthn:virtualAuthenticators: true}&#10;Session ID: c5327b57e9ddffaa5e36f7144f7283e3" type="java.lang.AssertionError"><![CDATA[java.lang.AssertionError: 
TC07 FAILED - no such element: Unable to locate element: {"method":"xpath","selector":"//button[@class='btn btn-primary'][@type='submit']"}
  (Session info: chrome=147.0.7727.138)
For documentation on this error, please visit: https://www.selenium.dev/documentation/webdriver/troubleshooting/errors#no-such-element-exception
Build info: version: '4.15.0', revision: '1d14b5521b'
System info: os.name: 'Windows 11', os.arch: 'amd64', os.version: '10.0', java.version: '11.0.30'
Driver info: org.openqa.selenium.chrome.ChromeDriver
Command: [c5327b57e9ddffaa5e36f7144f7283e3, findElement {using=xpath, value=//button[@class='btn btn-primary'][@type='submit']}]
Capabilities {acceptInsecureCerts: false, browserName: chrome, browserVersion: 147.0.7727.138, chrome: {chromedriverVersion: 147.0.7727.117 (474cc805edd..., userDataDir: C:\Users\ADMIN\AppData\Loca...}, fedcm:accounts: true, goog:chromeOptions: {debuggerAddress: localhost:61513}, goog:processID: 15824, networkConnectionEnabled: false, pageLoadStrategy: normal, platformName: windows, proxy: Proxy(), se:cdp: ws://localhost:61513/devtoo..., se:cdpVersion: 147.0.7727.138, setWindowRect: true, strictFileInteractability: false, timeouts: {implicit: 0, pageLoad: 300000, script: 30000}, unhandledPromptBehavior: dismiss and notify, webauthn:extension:credBlob: true, webauthn:extension:largeBlob: true, webauthn:extension:minPinLength: true, webauthn:extension:prf: true, webauthn:virtualAuthenticators: true}
Session ID: c5327b57e9ddffaa5e36f7144f7283e3
	at org.junit.Assert.fail(Assert.java:89)
	at org.junit.Assert.assertTrue(Assert.java:42)
	at com.umbrella.tests.web.LoginTest.testTC07_LoginRedirectToDoctorDashboard(LoginTest.java:545)
	at java.base/jdk.internal.reflect.NativeMethodAccessorImpl.invoke0(Native Method)
	at java.base/jdk.internal.reflect.NativeMethodAccessorImpl.invoke(NativeMethodAccessorImpl.java:62)
	at java.base/jdk.internal.reflect.DelegatingMethodAccessorImpl.invoke(DelegatingMethodAccessorImpl.java:43)
	at java.base/java.lang.reflect.Method.invoke(Method.java:566)
	at org.junit.runners.model.FrameworkMethod$1.runReflectiveCall(FrameworkMethod.java:59)
	at org.junit.internal.runners.model.ReflectiveCallable.run(ReflectiveCallable.java:12)
	at org.junit.runners.model.FrameworkMethod.invokeExplosively(FrameworkMethod.java:56)
	at org.junit.internal.runners.statements.InvokeMethod.evaluate(InvokeMethod.java:17)
	at org.junit.internal.runners.statements.RunBefores.evaluate(RunBefores.java:26)
	at org.junit.internal.runners.statements.RunAfters.evaluate(RunAfters.java:27)
	at org.junit.runners.ParentRunner$3.evaluate(ParentRunner.java:306)
	at org.junit.runners.BlockJUnit4ClassRunner$1.evaluate(BlockJUnit4ClassRunner.java:100)
	at org.junit.runners.ParentRunner.runLeaf(ParentRunner.java:366)
	at org.junit.runners.BlockJUnit4ClassRunner.runChild(BlockJUnit4ClassRunner.java:103)
	at org.junit.runners.BlockJUnit4ClassRunner.runChild(BlockJUnit4ClassRunner.java:63)
	at org.junit.runners.ParentRunner$4.run(ParentRunner.java:331)
	at org.junit.runners.ParentRunner$1.schedule(ParentRunner.java:79)
	at org.junit.runners.ParentRunner.runChildren(ParentRunner.java:329)
	at org.junit.runners.ParentRunner.access$100(ParentRunner.java:66)
	at org.junit.runners.ParentRunner$2.evaluate(ParentRunner.java:293)
	at org.junit.runners.ParentRunner$3.evaluate(ParentRunner.java:306)
	at org.junit.runners.ParentRunner.run(ParentRunner.java:413)
	at org.apache.maven.surefire.junit4.JUnit4Provider.execute(JUnit4Provider.java:316)
	at org.apache.maven.surefire.junit4.JUnit4Provider.executeWithRerun(JUnit4Provider.java:240)
	at org.apache.maven.surefire.junit4.JUnit4Provider.executeTestSet(JUnit4Provider.java:214)
	at org.apache.maven.surefire.junit4.JUnit4Provider.invoke(JUnit4Provider.java:155)
	at org.apache.maven.surefire.booter.ForkedBooter.runSuitesInProcess(ForkedBooter.java:385)
	at org.apache.maven.surefire.booter.ForkedBooter.execute(ForkedBooter.java:162)
	at org.apache.maven.surefire.booter.ForkedBooter.run(ForkedBooter.java:507)
	at org.apache.maven.surefire.booter.ForkedBooter.main(ForkedBooter.java:495)
]]></failure>
    <system-out><![CDATA[2026-05-06 02:16:30 [INFO ] BaseTest - ========== B?t ??u Test Setup ==========
2026-05-06 02:16:30 [INFO ] BaseTest - Kh?i t?o WebDriver cho browser: CHROME
2026-05-06 02:16:31 [INFO ] BaseTest - ?i?u h??ng ??n URL: http://localhost/umbrella-corporation
2026-05-06 02:16:34 [INFO ] BaseTest - ========== Test Setup Hoàn Thành ==========
2026-05-06 02:16:34 [INFO ] BaseTest - ?i?u h??ng ??n URL: http://localhost/umbrella-corporation
2026-05-06 02:16:35 [INFO ] BasePage - Kh?i t?o LoginPage
2026-05-06 02:16:35 [INFO ] BaseTest - Setup hoàn thành - Login page ?ã s?n sàng
2026-05-06 02:16:35 [INFO ] BaseTest - ========== W-F-01-TC07: Ki?m tra chuy?n h??ng vai trò Bác s? ==========
2026-05-06 02:16:35 [INFO ] BaseTest - B??c 1: Nh?p email bác s?
2026-05-06 02:16:35 [INFO ] BasePage - Nh?p email: wgnam2k4@gmail.com
2026-05-06 02:16:35 [INFO ] ElementUtils - Nh?p text 'wgnam2k4@gmail.com' vào: By.name: email
2026-05-06 02:16:35 [INFO ] BaseTest - B??c 2: Nh?p m?t kh?u
2026-05-06 02:16:35 [INFO ] BasePage - Nh?p password
2026-05-06 02:16:35 [INFO ] ElementUtils - Nh?p text '123456' vào: By.name: password
2026-05-06 02:16:35 [INFO ] BaseTest - B??c 3: Nh?n nút ??ng nh?p
2026-05-06 02:16:35 [INFO ] BasePage - Nh?n nút ??ng nh?p
2026-05-06 02:16:35 [INFO ] ElementUtils - Click vào element: By.xpath: //button[@class='btn btn-primary'][@type='submit']
2026-05-06 02:16:45 [ERROR] BaseTest - TC07 FAILED: no such element: Unable to locate element: {"method":"xpath","selector":"//button[@class='btn btn-primary'][@type='submit']"}
  (Session info: chrome=147.0.7727.138)
For documentation on this error, please visit: https://www.selenium.dev/documentation/webdriver/troubleshooting/errors#no-such-element-exception
Build info: version: '4.15.0', revision: '1d14b5521b'
System info: os.name: 'Windows 11', os.arch: 'amd64', os.version: '10.0', java.version: '11.0.30'
Driver info: org.openqa.selenium.chrome.ChromeDriver
Command: [c5327b57e9ddffaa5e36f7144f7283e3, findElement {using=xpath, value=//button[@class='btn btn-primary'][@type='submit']}]
Capabilities {acceptInsecureCerts: false, browserName: chrome, browserVersion: 147.0.7727.138, chrome: {chromedriverVersion: 147.0.7727.117 (474cc805edd..., userDataDir: C:\Users\ADMIN\AppData\Loca...}, fedcm:accounts: true, goog:chromeOptions: {debuggerAddress: localhost:61513}, goog:processID: 15824, networkConnectionEnabled: false, pageLoadStrategy: normal, platformName: windows, proxy: Proxy(), se:cdp: ws://localhost:61513/devtoo..., se:cdpVersion: 147.0.7727.138, setWindowRect: true, strictFileInteractability: false, timeouts: {implicit: 0, pageLoad: 300000, script: 30000}, unhandledPromptBehavior: dismiss and notify, webauthn:extension:credBlob: true, webauthn:extension:largeBlob: true, webauthn:extension:minPinLength: true, webauthn:extension:prf: true, webauthn:virtualAuthenticators: true}
Session ID: c5327b57e9ddffaa5e36f7144f7283e3
2026-05-06 02:16:45 [INFO ] BaseTest - ========== W-F-01: B?t ??u Test Teardown ==========
2026-05-06 02:16:45 [INFO ] BaseTest - ========== B?t ??u Test Teardown ==========
2026-05-06 02:16:45 [INFO ] BaseTest - ?óng WebDriver
2026-05-06 02:16:46 [INFO ] BaseTest - ========== Test Teardown Hoàn Thành ==========
2026-05-06 02:16:46 [INFO ] BaseTest - ========== W-F-01: Test Teardown Hoàn Thành ==========
]]></system-out>
    <system-err><![CDATA[May 06, 2026 2:16:31 AM org.openqa.selenium.devtools.CdpVersionFinder findNearestMatch
WARNING: Unable to find CDP implementation matching 147
May 06, 2026 2:16:31 AM org.openqa.selenium.chromium.ChromiumDriver lambda$new$5
WARNING: Unable to find version of CDP to use for 147.0.7727.138. You may need to include a dependency on a specific version of the CDP using something similar to `org.seleniumhq.selenium:selenium-devtools-v86:4.15.0` where the version ("v86") matches the version of the chromium-based browser you're using and the version number of the artifact is the same as Selenium's.
]]></system-err>
  </testcase>
  <testcase name="testTC05_LoginWithEmptyPassword" classname="com.umbrella.tests.web.LoginTest" time="14.953">
    <failure message="TC05 FAILED - no such element: Unable to locate element: {&quot;method&quot;:&quot;xpath&quot;,&quot;selector&quot;:&quot;//button[@class=&apos;btn btn-primary&apos;][@type=&apos;submit&apos;]&quot;}&#10;  (Session info: chrome=147.0.7727.138)&#10;For documentation on this error, please visit: https://www.selenium.dev/documentation/webdriver/troubleshooting/errors#no-such-element-exception&#10;Build info: version: &apos;4.15.0&apos;, revision: &apos;1d14b5521b&apos;&#10;System info: os.name: &apos;Windows 11&apos;, os.arch: &apos;amd64&apos;, os.version: &apos;10.0&apos;, java.version: &apos;11.0.30&apos;&#10;Driver info: org.openqa.selenium.chrome.ChromeDriver&#10;Command: [ad2e3d47d942438885b9881bc71227f5, findElement {using=xpath, value=//button[@class=&apos;btn btn-primary&apos;][@type=&apos;submit&apos;]}]&#10;Capabilities {acceptInsecureCerts: false, browserName: chrome, browserVersion: 147.0.7727.138, chrome: {chromedriverVersion: 147.0.7727.117 (474cc805edd..., userDataDir: C:\Users\ADMIN\AppData\Loca...}, fedcm:accounts: true, goog:chromeOptions: {debuggerAddress: localhost:52590}, goog:processID: 9812, networkConnectionEnabled: false, pageLoadStrategy: normal, platformName: windows, proxy: Proxy(), se:cdp: ws://localhost:52590/devtoo..., se:cdpVersion: 147.0.7727.138, setWindowRect: true, strictFileInteractability: false, timeouts: {implicit: 0, pageLoad: 300000, script: 30000}, unhandledPromptBehavior: dismiss and notify, webauthn:extension:credBlob: true, webauthn:extension:largeBlob: true, webauthn:extension:minPinLength: true, webauthn:extension:prf: true, webauthn:virtualAuthenticators: true}&#10;Session ID: ad2e3d47d942438885b9881bc71227f5" type="java.lang.AssertionError"><![CDATA[java.lang.AssertionError: 
TC05 FAILED - no such element: Unable to locate element: {"method":"xpath","selector":"//button[@class='btn btn-primary'][@type='submit']"}
  (Session info: chrome=147.0.7727.138)
For documentation on this error, please visit: https://www.selenium.dev/documentation/webdriver/troubleshooting/errors#no-such-element-exception
Build info: version: '4.15.0', revision: '1d14b5521b'
System info: os.name: 'Windows 11', os.arch: 'amd64', os.version: '10.0', java.version: '11.0.30'
Driver info: org.openqa.selenium.chrome.ChromeDriver
Command: [ad2e3d47d942438885b9881bc71227f5, findElement {using=xpath, value=//button[@class='btn btn-primary'][@type='submit']}]
Capabilities {acceptInsecureCerts: false, browserName: chrome, browserVersion: 147.0.7727.138, chrome: {chromedriverVersion: 147.0.7727.117 (474cc805edd..., userDataDir: C:\Users\ADMIN\AppData\Loca...}, fedcm:accounts: true, goog:chromeOptions: {debuggerAddress: localhost:52590}, goog:processID: 9812, networkConnectionEnabled: false, pageLoadStrategy: normal, platformName: windows, proxy: Proxy(), se:cdp: ws://localhost:52590/devtoo..., se:cdpVersion: 147.0.7727.138, setWindowRect: true, strictFileInteractability: false, timeouts: {implicit: 0, pageLoad: 300000, script: 30000}, unhandledPromptBehavior: dismiss and notify, webauthn:extension:credBlob: true, webauthn:extension:largeBlob: true, webauthn:extension:minPinLength: true, webauthn:extension:prf: true, webauthn:virtualAuthenticators: true}
Session ID: ad2e3d47d942438885b9881bc71227f5
	at org.junit.Assert.fail(Assert.java:89)
	at org.junit.Assert.assertTrue(Assert.java:42)
	at com.umbrella.tests.web.LoginTest.testTC05_LoginWithEmptyPassword(LoginTest.java:404)
	at java.base/jdk.internal.reflect.NativeMethodAccessorImpl.invoke0(Native Method)
	at java.base/jdk.internal.reflect.NativeMethodAccessorImpl.invoke(NativeMethodAccessorImpl.java:62)
	at java.base/jdk.internal.reflect.DelegatingMethodAccessorImpl.invoke(DelegatingMethodAccessorImpl.java:43)
	at java.base/java.lang.reflect.Method.invoke(Method.java:566)
	at org.junit.runners.model.FrameworkMethod$1.runReflectiveCall(FrameworkMethod.java:59)
	at org.junit.internal.runners.model.ReflectiveCallable.run(ReflectiveCallable.java:12)
	at org.junit.runners.model.FrameworkMethod.invokeExplosively(FrameworkMethod.java:56)
	at org.junit.internal.runners.statements.InvokeMethod.evaluate(InvokeMethod.java:17)
	at org.junit.internal.runners.statements.RunBefores.evaluate(RunBefores.java:26)
	at org.junit.internal.runners.statements.RunAfters.evaluate(RunAfters.java:27)
	at org.junit.runners.ParentRunner$3.evaluate(ParentRunner.java:306)
	at org.junit.runners.BlockJUnit4ClassRunner$1.evaluate(BlockJUnit4ClassRunner.java:100)
	at org.junit.runners.ParentRunner.runLeaf(ParentRunner.java:366)
	at org.junit.runners.BlockJUnit4ClassRunner.runChild(BlockJUnit4ClassRunner.java:103)
	at org.junit.runners.BlockJUnit4ClassRunner.runChild(BlockJUnit4ClassRunner.java:63)
	at org.junit.runners.ParentRunner$4.run(ParentRunner.java:331)
	at org.junit.runners.ParentRunner$1.schedule(ParentRunner.java:79)
	at org.junit.runners.ParentRunner.runChildren(ParentRunner.java:329)
	at org.junit.runners.ParentRunner.access$100(ParentRunner.java:66)
	at org.junit.runners.ParentRunner$2.evaluate(ParentRunner.java:293)
	at org.junit.runners.ParentRunner$3.evaluate(ParentRunner.java:306)
	at org.junit.runners.ParentRunner.run(ParentRunner.java:413)
	at org.apache.maven.surefire.junit4.JUnit4Provider.execute(JUnit4Provider.java:316)
	at org.apache.maven.surefire.junit4.JUnit4Provider.executeWithRerun(JUnit4Provider.java:240)
	at org.apache.maven.surefire.junit4.JUnit4Provider.executeTestSet(JUnit4Provider.java:214)
	at org.apache.maven.surefire.junit4.JUnit4Provider.invoke(JUnit4Provider.java:155)
	at org.apache.maven.surefire.booter.ForkedBooter.runSuitesInProcess(ForkedBooter.java:385)
	at org.apache.maven.surefire.booter.ForkedBooter.execute(ForkedBooter.java:162)
	at org.apache.maven.surefire.booter.ForkedBooter.run(ForkedBooter.java:507)
	at org.apache.maven.surefire.booter.ForkedBooter.main(ForkedBooter.java:495)
]]></failure>
    <system-out><![CDATA[2026-05-06 02:16:46 [INFO ] BaseTest - ========== B?t ??u Test Setup ==========
2026-05-06 02:16:46 [INFO ] BaseTest - Kh?i t?o WebDriver cho browser: CHROME
2026-05-06 02:16:46 [INFO ] BaseTest - ?i?u h??ng ??n URL: http://localhost/umbrella-corporation
2026-05-06 02:16:49 [INFO ] BaseTest - ========== Test Setup Hoàn Thành ==========
2026-05-06 02:16:49 [INFO ] BaseTest - ?i?u h??ng ??n URL: http://localhost/umbrella-corporation
2026-05-06 02:16:50 [INFO ] BasePage - Kh?i t?o LoginPage
2026-05-06 02:16:50 [INFO ] BaseTest - Setup hoàn thành - Login page ?ã s?n sàng
2026-05-06 02:16:50 [INFO ] BaseTest - ========== W-F-01-TC05: ??ng nh?p khi b? tr?ng m?t kh?u ==========
2026-05-06 02:16:50 [INFO ] BaseTest - B??c 1: Nh?p email h?p l?
2026-05-06 02:16:50 [INFO ] BasePage - Nh?p email: admin@test.com
2026-05-06 02:16:50 [INFO ] ElementUtils - Nh?p text 'admin@test.com' vào: By.name: email
2026-05-06 02:16:50 [INFO ] BaseTest - B??c 2: ?? tr?ng ô m?t kh?u (không nh?p gì)
2026-05-06 02:16:50 [INFO ] BaseTest - B??c 3: Nh?n nút ??ng nh?p
2026-05-06 02:16:50 [INFO ] BasePage - Nh?n nút ??ng nh?p
2026-05-06 02:16:50 [INFO ] ElementUtils - Click vào element: By.xpath: //button[@class='btn btn-primary'][@type='submit']
2026-05-06 02:17:00 [ERROR] BaseTest - TC05 FAILED: no such element: Unable to locate element: {"method":"xpath","selector":"//button[@class='btn btn-primary'][@type='submit']"}
  (Session info: chrome=147.0.7727.138)
For documentation on this error, please visit: https://www.selenium.dev/documentation/webdriver/troubleshooting/errors#no-such-element-exception
Build info: version: '4.15.0', revision: '1d14b5521b'
System info: os.name: 'Windows 11', os.arch: 'amd64', os.version: '10.0', java.version: '11.0.30'
Driver info: org.openqa.selenium.chrome.ChromeDriver
Command: [ad2e3d47d942438885b9881bc71227f5, findElement {using=xpath, value=//button[@class='btn btn-primary'][@type='submit']}]
Capabilities {acceptInsecureCerts: false, browserName: chrome, browserVersion: 147.0.7727.138, chrome: {chromedriverVersion: 147.0.7727.117 (474cc805edd..., userDataDir: C:\Users\ADMIN\AppData\Loca...}, fedcm:accounts: true, goog:chromeOptions: {debuggerAddress: localhost:52590}, goog:processID: 9812, networkConnectionEnabled: false, pageLoadStrategy: normal, platformName: windows, proxy: Proxy(), se:cdp: ws://localhost:52590/devtoo..., se:cdpVersion: 147.0.7727.138, setWindowRect: true, strictFileInteractability: false, timeouts: {implicit: 0, pageLoad: 300000, script: 30000}, unhandledPromptBehavior: dismiss and notify, webauthn:extension:credBlob: true, webauthn:extension:largeBlob: true, webauthn:extension:minPinLength: true, webauthn:extension:prf: true, webauthn:virtualAuthenticators: true}
Session ID: ad2e3d47d942438885b9881bc71227f5
2026-05-06 02:17:00 [INFO ] BaseTest - ========== W-F-01: B?t ??u Test Teardown ==========
2026-05-06 02:17:00 [INFO ] BaseTest - ========== B?t ??u Test Teardown ==========
2026-05-06 02:17:00 [INFO ] BaseTest - ?óng WebDriver
2026-05-06 02:17:01 [INFO ] BaseTest - ========== Test Teardown Hoàn Thành ==========
2026-05-06 02:17:01 [INFO ] BaseTest - ========== W-F-01: Test Teardown Hoàn Thành ==========
]]></system-out>
    <system-err><![CDATA[May 06, 2026 2:16:46 AM org.openqa.selenium.devtools.CdpVersionFinder findNearestMatch
WARNING: Unable to find CDP implementation matching 147
May 06, 2026 2:16:46 AM org.openqa.selenium.chromium.ChromiumDriver lambda$new$5
WARNING: Unable to find version of CDP to use for 147.0.7727.138. You may need to include a dependency on a specific version of the CDP using something similar to `org.seleniumhq.selenium:selenium-devtools-v86:4.15.0` where the version ("v86") matches the version of the chromium-based browser you're using and the version number of the artifact is the same as Selenium's.
]]></system-err>
  </testcase>
  <testcase name="testTC04_LoginWithEmptyEmail" classname="com.umbrella.tests.web.LoginTest" time="1.242">
    <error message="Không thể khởi tạo test environment" type="java.lang.RuntimeException"><![CDATA[java.lang.RuntimeException: Không thể khởi tạo test environment
	at com.umbrella.base.BaseTest.setUp(BaseTest.java:64)
	at com.umbrella.tests.web.LoginTest.setUp(LoginTest.java:49)
	at java.base/jdk.internal.reflect.NativeMethodAccessorImpl.invoke0(Native Method)
	at java.base/jdk.internal.reflect.NativeMethodAccessorImpl.invoke(NativeMethodAccessorImpl.java:62)
	at java.base/jdk.internal.reflect.DelegatingMethodAccessorImpl.invoke(DelegatingMethodAccessorImpl.java:43)
	at java.base/java.lang.reflect.Method.invoke(Method.java:566)
	at org.junit.runners.model.FrameworkMethod$1.runReflectiveCall(FrameworkMethod.java:59)
	at org.junit.internal.runners.model.ReflectiveCallable.run(ReflectiveCallable.java:12)
	at org.junit.runners.model.FrameworkMethod.invokeExplosively(FrameworkMethod.java:56)
	at org.junit.internal.runners.statements.RunBefores.invokeMethod(RunBefores.java:33)
	at org.junit.internal.runners.statements.RunBefores.evaluate(RunBefores.java:24)
	at org.junit.internal.runners.statements.RunAfters.evaluate(RunAfters.java:27)
	at org.junit.runners.ParentRunner$3.evaluate(ParentRunner.java:306)
	at org.junit.runners.BlockJUnit4ClassRunner$1.evaluate(BlockJUnit4ClassRunner.java:100)
	at org.junit.runners.ParentRunner.runLeaf(ParentRunner.java:366)
	at org.junit.runners.BlockJUnit4ClassRunner.runChild(BlockJUnit4ClassRunner.java:103)
	at org.junit.runners.BlockJUnit4ClassRunner.runChild(BlockJUnit4ClassRunner.java:63)
	at org.junit.runners.ParentRunner$4.run(ParentRunner.java:331)
	at org.junit.runners.ParentRunner$1.schedule(ParentRunner.java:79)
	at org.junit.runners.ParentRunner.runChildren(ParentRunner.java:329)
	at org.junit.runners.ParentRunner.access$100(ParentRunner.java:66)
	at org.junit.runners.ParentRunner$2.evaluate(ParentRunner.java:293)
	at org.junit.runners.ParentRunner$3.evaluate(ParentRunner.java:306)
	at org.junit.runners.ParentRunner.run(ParentRunner.java:413)
	at org.apache.maven.surefire.junit4.JUnit4Provider.execute(JUnit4Provider.java:316)
	at org.apache.maven.surefire.junit4.JUnit4Provider.executeWithRerun(JUnit4Provider.java:240)
	at org.apache.maven.surefire.junit4.JUnit4Provider.executeTestSet(JUnit4Provider.java:214)
	at org.apache.maven.surefire.junit4.JUnit4Provider.invoke(JUnit4Provider.java:155)
	at org.apache.maven.surefire.booter.ForkedBooter.runSuitesInProcess(ForkedBooter.java:385)
	at org.apache.maven.surefire.booter.ForkedBooter.execute(ForkedBooter.java:162)
	at org.apache.maven.surefire.booter.ForkedBooter.run(ForkedBooter.java:507)
	at org.apache.maven.surefire.booter.ForkedBooter.main(ForkedBooter.java:495)
Caused by: org.openqa.selenium.WebDriverException: unknown error: JavaScript code failed
from unknown command: 'Runtime.evaluate' wasn't found
  (Session info: chrome=147.0.7727.138)
Build info: version: '4.15.0', revision: '1d14b5521b'
System info: os.name: 'Windows 11', os.arch: 'amd64', os.version: '10.0', java.version: '11.0.30'
Driver info: org.openqa.selenium.chrome.ChromeDriver
Command: [1f70285f54b42ceb0f512cf183f2c23d, maximizeCurrentWindow {}]
Capabilities {acceptInsecureCerts: false, browserName: chrome, browserVersion: 147.0.7727.138, chrome: {chromedriverVersion: 147.0.7727.117 (474cc805edd..., userDataDir: C:\Users\ADMIN\AppData\Loca...}, fedcm:accounts: true, goog:chromeOptions: {debuggerAddress: localhost:64552}, goog:processID: 16676, networkConnectionEnabled: false, pageLoadStrategy: normal, platformName: windows, proxy: Proxy(), se:cdp: ws://localhost:64552/devtoo..., se:cdpVersion: 147.0.7727.138, setWindowRect: true, strictFileInteractability: false, timeouts: {implicit: 0, pageLoad: 300000, script: 30000}, unhandledPromptBehavior: dismiss and notify, webauthn:extension:credBlob: true, webauthn:extension:largeBlob: true, webauthn:extension:minPinLength: true, webauthn:extension:prf: true, webauthn:virtualAuthenticators: true}
Session ID: 1f70285f54b42ceb0f512cf183f2c23d
	at java.base/jdk.internal.reflect.NativeConstructorAccessorImpl.newInstance0(Native Method)
	at java.base/jdk.internal.reflect.NativeConstructorAccessorImpl.newInstance(NativeConstructorAccessorImpl.java:62)
	at java.base/jdk.internal.reflect.DelegatingConstructorAccessorImpl.newInstance(DelegatingConstructorAccessorImpl.java:45)
	at java.base/java.lang.reflect.Constructor.newInstance(Constructor.java:490)
	at org.openqa.selenium.remote.codec.w3c.W3CHttpResponseCodec.createException(W3CHttpResponseCodec.java:200)
	at org.openqa.selenium.remote.codec.w3c.W3CHttpResponseCodec.decode(W3CHttpResponseCodec.java:133)
	at org.openqa.selenium.remote.codec.w3c.W3CHttpResponseCodec.decode(W3CHttpResponseCodec.java:52)
	at org.openqa.selenium.remote.HttpCommandExecutor.execute(HttpCommandExecutor.java:191)
	at org.openqa.selenium.remote.service.DriverCommandExecutor.invokeExecute(DriverCommandExecutor.java:200)
	at org.openqa.selenium.remote.service.DriverCommandExecutor.execute(DriverCommandExecutor.java:175)
	at org.openqa.selenium.remote.RemoteWebDriver.execute(RemoteWebDriver.java:607)
	at org.openqa.selenium.remote.RemoteWebDriver.execute(RemoteWebDriver.java:680)
	at org.openqa.selenium.remote.RemoteWebDriver.execute(RemoteWebDriver.java:684)
	at org.openqa.selenium.remote.RemoteWebDriver$RemoteWebDriverOptions$RemoteWindow.maximize(RemoteWebDriver.java:1123)
	at com.umbrella.config.WebDriverFactory.createWebDriver(WebDriverFactory.java:49)
	at com.umbrella.base.BaseTest.setUp(BaseTest.java:51)
	... 31 more
]]></error>
    <system-out><![CDATA[2026-05-06 02:17:01 [INFO ] BaseTest - ========== B?t ??u Test Setup ==========
2026-05-06 02:17:01 [INFO ] BaseTest - Kh?i t?o WebDriver cho browser: CHROME
2026-05-06 02:17:02 [ERROR] BaseTest - L?i trong setUp: unknown error: JavaScript code failed
from unknown command: 'Runtime.evaluate' wasn't found
  (Session info: chrome=147.0.7727.138)
Build info: version: '4.15.0', revision: '1d14b5521b'
System info: os.name: 'Windows 11', os.arch: 'amd64', os.version: '10.0', java.version: '11.0.30'
Driver info: org.openqa.selenium.chrome.ChromeDriver
Command: [1f70285f54b42ceb0f512cf183f2c23d, maximizeCurrentWindow {}]
Capabilities {acceptInsecureCerts: false, browserName: chrome, browserVersion: 147.0.7727.138, chrome: {chromedriverVersion: 147.0.7727.117 (474cc805edd..., userDataDir: C:\Users\ADMIN\AppData\Loca...}, fedcm:accounts: true, goog:chromeOptions: {debuggerAddress: localhost:64552}, goog:processID: 16676, networkConnectionEnabled: false, pageLoadStrategy: normal, platformName: windows, proxy: Proxy(), se:cdp: ws://localhost:64552/devtoo..., se:cdpVersion: 147.0.7727.138, setWindowRect: true, strictFileInteractability: false, timeouts: {implicit: 0, pageLoad: 300000, script: 30000}, unhandledPromptBehavior: dismiss and notify, webauthn:extension:credBlob: true, webauthn:extension:largeBlob: true, webauthn:extension:minPinLength: true, webauthn:extension:prf: true, webauthn:virtualAuthenticators: true}
Session ID: 1f70285f54b42ceb0f512cf183f2c23d
org.openqa.selenium.WebDriverException: unknown error: JavaScript code failed
from unknown command: 'Runtime.evaluate' wasn't found
  (Session info: chrome=147.0.7727.138)
Build info: version: '4.15.0', revision: '1d14b5521b'
System info: os.name: 'Windows 11', os.arch: 'amd64', os.version: '10.0', java.version: '11.0.30'
Driver info: org.openqa.selenium.chrome.ChromeDriver
Command: [1f70285f54b42ceb0f512cf183f2c23d, maximizeCurrentWindow {}]
Capabilities {acceptInsecureCerts: false, browserName: chrome, browserVersion: 147.0.7727.138, chrome: {chromedriverVersion: 147.0.7727.117 (474cc805edd..., userDataDir: C:\Users\ADMIN\AppData\Loca...}, fedcm:accounts: true, goog:chromeOptions: {debuggerAddress: localhost:64552}, goog:processID: 16676, networkConnectionEnabled: false, pageLoadStrategy: normal, platformName: windows, proxy: Proxy(), se:cdp: ws://localhost:64552/devtoo..., se:cdpVersion: 147.0.7727.138, setWindowRect: true, strictFileInteractability: false, timeouts: {implicit: 0, pageLoad: 300000, script: 30000}, unhandledPromptBehavior: dismiss and notify, webauthn:extension:credBlob: true, webauthn:extension:largeBlob: true, webauthn:extension:minPinLength: true, webauthn:extension:prf: true, webauthn:virtualAuthenticators: true}
Session ID: 1f70285f54b42ceb0f512cf183f2c23d
	at jdk.internal.reflect.NativeConstructorAccessorImpl.newInstance0(Native Method) ~[?:?]
	at jdk.internal.reflect.NativeConstructorAccessorImpl.newInstance(NativeConstructorAccessorImpl.java:62) ~[?:?]
	at jdk.internal.reflect.DelegatingConstructorAccessorImpl.newInstance(DelegatingConstructorAccessorImpl.java:45) ~[?:?]
	at java.lang.reflect.Constructor.newInstance(Constructor.java:490) ~[?:?]
	at org.openqa.selenium.remote.codec.w3c.W3CHttpResponseCodec.createException(W3CHttpResponseCodec.java:200) ~[selenium-remote-driver-4.15.0.jar:?]
	at org.openqa.selenium.remote.codec.w3c.W3CHttpResponseCodec.decode(W3CHttpResponseCodec.java:133) ~[selenium-remote-driver-4.15.0.jar:?]
	at org.openqa.selenium.remote.codec.w3c.W3CHttpResponseCodec.decode(W3CHttpResponseCodec.java:52) ~[selenium-remote-driver-4.15.0.jar:?]
	at org.openqa.selenium.remote.HttpCommandExecutor.execute(HttpCommandExecutor.java:191) ~[selenium-remote-driver-4.15.0.jar:?]
	at org.openqa.selenium.remote.service.DriverCommandExecutor.invokeExecute(DriverCommandExecutor.java:200) ~[selenium-remote-driver-4.15.0.jar:?]
	at org.openqa.selenium.remote.service.DriverCommandExecutor.execute(DriverCommandExecutor.java:175) ~[selenium-remote-driver-4.15.0.jar:?]
	at org.openqa.selenium.remote.RemoteWebDriver.execute(RemoteWebDriver.java:607) ~[selenium-remote-driver-4.15.0.jar:?]
	at org.openqa.selenium.remote.RemoteWebDriver.execute(RemoteWebDriver.java:680) ~[selenium-remote-driver-4.15.0.jar:?]
	at org.openqa.selenium.remote.RemoteWebDriver.execute(RemoteWebDriver.java:684) ~[selenium-remote-driver-4.15.0.jar:?]
	at org.openqa.selenium.remote.RemoteWebDriver$RemoteWebDriverOptions$RemoteWindow.maximize(RemoteWebDriver.java:1123) ~[selenium-remote-driver-4.15.0.jar:?]
	at com.umbrella.config.WebDriverFactory.createWebDriver(WebDriverFactory.java:49) ~[classes/:?]
	at com.umbrella.base.BaseTest.setUp(BaseTest.java:51) [classes/:?]
	at com.umbrella.tests.web.LoginTest.setUp(LoginTest.java:49) [test-classes/:?]
	at jdk.internal.reflect.NativeMethodAccessorImpl.invoke0(Native Method) ~[?:?]
	at jdk.internal.reflect.NativeMethodAccessorImpl.invoke(NativeMethodAccessorImpl.java:62) ~[?:?]
	at jdk.internal.reflect.DelegatingMethodAccessorImpl.invoke(DelegatingMethodAccessorImpl.java:43) ~[?:?]
	at java.lang.reflect.Method.invoke(Method.java:566) ~[?:?]
	at org.junit.runners.model.FrameworkMethod$1.runReflectiveCall(FrameworkMethod.java:59) [junit-4.13.2.jar:4.13.2]
	at org.junit.internal.runners.model.ReflectiveCallable.run(ReflectiveCallable.java:12) [junit-4.13.2.jar:4.13.2]
	at org.junit.runners.model.FrameworkMethod.invokeExplosively(FrameworkMethod.java:56) [junit-4.13.2.jar:4.13.2]
	at org.junit.internal.runners.statements.RunBefores.invokeMethod(RunBefores.java:33) [junit-4.13.2.jar:4.13.2]
	at org.junit.internal.runners.statements.RunBefores.evaluate(RunBefores.java:24) [junit-4.13.2.jar:4.13.2]
	at org.junit.internal.runners.statements.RunAfters.evaluate(RunAfters.java:27) [junit-4.13.2.jar:4.13.2]
	at org.junit.runners.ParentRunner$3.evaluate(ParentRunner.java:306) [junit-4.13.2.jar:4.13.2]
	at org.junit.runners.BlockJUnit4ClassRunner$1.evaluate(BlockJUnit4ClassRunner.java:100) [junit-4.13.2.jar:4.13.2]
	at org.junit.runners.ParentRunner.runLeaf(ParentRunner.java:366) [junit-4.13.2.jar:4.13.2]
	at org.junit.runners.BlockJUnit4ClassRunner.runChild(BlockJUnit4ClassRunner.java:103) [junit-4.13.2.jar:4.13.2]
	at org.junit.runners.BlockJUnit4ClassRunner.runChild(BlockJUnit4ClassRunner.java:63) [junit-4.13.2.jar:4.13.2]
	at org.junit.runners.ParentRunner$4.run(ParentRunner.java:331) [junit-4.13.2.jar:4.13.2]
	at org.junit.runners.ParentRunner$1.schedule(ParentRunner.java:79) [junit-4.13.2.jar:4.13.2]
	at org.junit.runners.ParentRunner.runChildren(ParentRunner.java:329) [junit-4.13.2.jar:4.13.2]
	at org.junit.runners.ParentRunner.access$100(ParentRunner.java:66) [junit-4.13.2.jar:4.13.2]
	at org.junit.runners.ParentRunner$2.evaluate(ParentRunner.java:293) [junit-4.13.2.jar:4.13.2]
	at org.junit.runners.ParentRunner$3.evaluate(ParentRunner.java:306) [junit-4.13.2.jar:4.13.2]
	at org.junit.runners.ParentRunner.run(ParentRunner.java:413) [junit-4.13.2.jar:4.13.2]
	at org.apache.maven.surefire.junit4.JUnit4Provider.execute(JUnit4Provider.java:316) [surefire-junit4-3.1.2.jar:3.1.2]
	at org.apache.maven.surefire.junit4.JUnit4Provider.executeWithRerun(JUnit4Provider.java:240) [surefire-junit4-3.1.2.jar:3.1.2]
	at org.apache.maven.surefire.junit4.JUnit4Provider.executeTestSet(JUnit4Provider.java:214) [surefire-junit4-3.1.2.jar:3.1.2]
	at org.apache.maven.surefire.junit4.JUnit4Provider.invoke(JUnit4Provider.java:155) [surefire-junit4-3.1.2.jar:3.1.2]
	at org.apache.maven.surefire.booter.ForkedBooter.runSuitesInProcess(ForkedBooter.java:385) [surefire-booter-3.1.2.jar:3.1.2]
	at org.apache.maven.surefire.booter.ForkedBooter.execute(ForkedBooter.java:162) [surefire-booter-3.1.2.jar:3.1.2]
	at org.apache.maven.surefire.booter.ForkedBooter.run(ForkedBooter.java:507) [surefire-booter-3.1.2.jar:3.1.2]
	at org.apache.maven.surefire.booter.ForkedBooter.main(ForkedBooter.java:495) [surefire-booter-3.1.2.jar:3.1.2]
2026-05-06 02:17:02 [INFO ] BaseTest - ========== W-F-01: B?t ??u Test Teardown ==========
2026-05-06 02:17:02 [INFO ] BaseTest - ========== B?t ??u Test Teardown ==========
2026-05-06 02:17:02 [INFO ] BaseTest - ========== Test Teardown Hoàn Thành ==========
2026-05-06 02:17:02 [INFO ] BaseTest - ========== W-F-01: Test Teardown Hoàn Thành ==========
]]></system-out>
    <system-err><![CDATA[May 06, 2026 2:17:01 AM org.openqa.selenium.devtools.CdpVersionFinder findNearestMatch
WARNING: Unable to find CDP implementation matching 147
May 06, 2026 2:17:01 AM org.openqa.selenium.chromium.ChromiumDriver lambda$new$5
WARNING: Unable to find version of CDP to use for 147.0.7727.138. You may need to include a dependency on a specific version of the CDP using something similar to `org.seleniumhq.selenium:selenium-devtools-v86:4.15.0` where the version ("v86") matches the version of the chromium-based browser you're using and the version number of the artifact is the same as Selenium's.
]]></system-err>
  </testcase>
  <testcase name="testTC02_LoginWithWrongPassword" classname="com.umbrella.tests.web.LoginTest" time="15.653">
    <failure message="TC02 FAILED - no such element: Unable to locate element: {&quot;method&quot;:&quot;xpath&quot;,&quot;selector&quot;:&quot;//button[@class=&apos;btn btn-primary&apos;][@type=&apos;submit&apos;]&quot;}&#10;  (Session info: chrome=147.0.7727.138)&#10;For documentation on this error, please visit: https://www.selenium.dev/documentation/webdriver/troubleshooting/errors#no-such-element-exception&#10;Build info: version: &apos;4.15.0&apos;, revision: &apos;1d14b5521b&apos;&#10;System info: os.name: &apos;Windows 11&apos;, os.arch: &apos;amd64&apos;, os.version: &apos;10.0&apos;, java.version: &apos;11.0.30&apos;&#10;Driver info: org.openqa.selenium.chrome.ChromeDriver&#10;Command: [d4030d315b6dbb8e570a281c49b39ed9, findElement {using=xpath, value=//button[@class=&apos;btn btn-primary&apos;][@type=&apos;submit&apos;]}]&#10;Capabilities {acceptInsecureCerts: false, browserName: chrome, browserVersion: 147.0.7727.138, chrome: {chromedriverVersion: 147.0.7727.117 (474cc805edd..., userDataDir: C:\Users\ADMIN\AppData\Loca...}, fedcm:accounts: true, goog:chromeOptions: {debuggerAddress: localhost:58477}, goog:processID: 2508, networkConnectionEnabled: false, pageLoadStrategy: normal, platformName: windows, proxy: Proxy(), se:cdp: ws://localhost:58477/devtoo..., se:cdpVersion: 147.0.7727.138, setWindowRect: true, strictFileInteractability: false, timeouts: {implicit: 0, pageLoad: 300000, script: 30000}, unhandledPromptBehavior: dismiss and notify, webauthn:extension:credBlob: true, webauthn:extension:largeBlob: true, webauthn:extension:minPinLength: true, webauthn:extension:prf: true, webauthn:virtualAuthenticators: true}&#10;Session ID: d4030d315b6dbb8e570a281c49b39ed9" type="java.lang.AssertionError"><![CDATA[java.lang.AssertionError: 
TC02 FAILED - no such element: Unable to locate element: {"method":"xpath","selector":"//button[@class='btn btn-primary'][@type='submit']"}
  (Session info: chrome=147.0.7727.138)
For documentation on this error, please visit: https://www.selenium.dev/documentation/webdriver/troubleshooting/errors#no-such-element-exception
Build info: version: '4.15.0', revision: '1d14b5521b'
System info: os.name: 'Windows 11', os.arch: 'amd64', os.version: '10.0', java.version: '11.0.30'
Driver info: org.openqa.selenium.chrome.ChromeDriver
Command: [d4030d315b6dbb8e570a281c49b39ed9, findElement {using=xpath, value=//button[@class='btn btn-primary'][@type='submit']}]
Capabilities {acceptInsecureCerts: false, browserName: chrome, browserVersion: 147.0.7727.138, chrome: {chromedriverVersion: 147.0.7727.117 (474cc805edd..., userDataDir: C:\Users\ADMIN\AppData\Loca...}, fedcm:accounts: true, goog:chromeOptions: {debuggerAddress: localhost:58477}, goog:processID: 2508, networkConnectionEnabled: false, pageLoadStrategy: normal, platformName: windows, proxy: Proxy(), se:cdp: ws://localhost:58477/devtoo..., se:cdpVersion: 147.0.7727.138, setWindowRect: true, strictFileInteractability: false, timeouts: {implicit: 0, pageLoad: 300000, script: 30000}, unhandledPromptBehavior: dismiss and notify, webauthn:extension:credBlob: true, webauthn:extension:largeBlob: true, webauthn:extension:minPinLength: true, webauthn:extension:prf: true, webauthn:virtualAuthenticators: true}
Session ID: d4030d315b6dbb8e570a281c49b39ed9
	at org.junit.Assert.fail(Assert.java:89)
	at org.junit.Assert.assertTrue(Assert.java:42)
	at com.umbrella.tests.web.LoginTest.testTC02_LoginWithWrongPassword(LoginTest.java:203)
	at java.base/jdk.internal.reflect.NativeMethodAccessorImpl.invoke0(Native Method)
	at java.base/jdk.internal.reflect.NativeMethodAccessorImpl.invoke(NativeMethodAccessorImpl.java:62)
	at java.base/jdk.internal.reflect.DelegatingMethodAccessorImpl.invoke(DelegatingMethodAccessorImpl.java:43)
	at java.base/java.lang.reflect.Method.invoke(Method.java:566)
	at org.junit.runners.model.FrameworkMethod$1.runReflectiveCall(FrameworkMethod.java:59)
	at org.junit.internal.runners.model.ReflectiveCallable.run(ReflectiveCallable.java:12)
	at org.junit.runners.model.FrameworkMethod.invokeExplosively(FrameworkMethod.java:56)
	at org.junit.internal.runners.statements.InvokeMethod.evaluate(InvokeMethod.java:17)
	at org.junit.internal.runners.statements.RunBefores.evaluate(RunBefores.java:26)
	at org.junit.internal.runners.statements.RunAfters.evaluate(RunAfters.java:27)
	at org.junit.runners.ParentRunner$3.evaluate(ParentRunner.java:306)
	at org.junit.runners.BlockJUnit4ClassRunner$1.evaluate(BlockJUnit4ClassRunner.java:100)
	at org.junit.runners.ParentRunner.runLeaf(ParentRunner.java:366)
	at org.junit.runners.BlockJUnit4ClassRunner.runChild(BlockJUnit4ClassRunner.java:103)
	at org.junit.runners.BlockJUnit4ClassRunner.runChild(BlockJUnit4ClassRunner.java:63)
	at org.junit.runners.ParentRunner$4.run(ParentRunner.java:331)
	at org.junit.runners.ParentRunner$1.schedule(ParentRunner.java:79)
	at org.junit.runners.ParentRunner.runChildren(ParentRunner.java:329)
	at org.junit.runners.ParentRunner.access$100(ParentRunner.java:66)
	at org.junit.runners.ParentRunner$2.evaluate(ParentRunner.java:293)
	at org.junit.runners.ParentRunner$3.evaluate(ParentRunner.java:306)
	at org.junit.runners.ParentRunner.run(ParentRunner.java:413)
	at org.apache.maven.surefire.junit4.JUnit4Provider.execute(JUnit4Provider.java:316)
	at org.apache.maven.surefire.junit4.JUnit4Provider.executeWithRerun(JUnit4Provider.java:240)
	at org.apache.maven.surefire.junit4.JUnit4Provider.executeTestSet(JUnit4Provider.java:214)
	at org.apache.maven.surefire.junit4.JUnit4Provider.invoke(JUnit4Provider.java:155)
	at org.apache.maven.surefire.booter.ForkedBooter.runSuitesInProcess(ForkedBooter.java:385)
	at org.apache.maven.surefire.booter.ForkedBooter.execute(ForkedBooter.java:162)
	at org.apache.maven.surefire.booter.ForkedBooter.run(ForkedBooter.java:507)
	at org.apache.maven.surefire.booter.ForkedBooter.main(ForkedBooter.java:495)
]]></failure>
    <system-out><![CDATA[2026-05-06 02:17:02 [INFO ] BaseTest - ========== B?t ??u Test Setup ==========
2026-05-06 02:17:02 [INFO ] BaseTest - Kh?i t?o WebDriver cho browser: CHROME
2026-05-06 02:17:03 [INFO ] BaseTest - ?i?u h??ng ??n URL: http://localhost/umbrella-corporation
2026-05-06 02:17:06 [INFO ] BaseTest - ========== Test Setup Hoàn Thành ==========
2026-05-06 02:17:06 [INFO ] BaseTest - ?i?u h??ng ??n URL: http://localhost/umbrella-corporation
2026-05-06 02:17:07 [INFO ] BasePage - Kh?i t?o LoginPage
2026-05-06 02:17:07 [INFO ] BaseTest - Setup hoàn thành - Login page ?ã s?n sàng
2026-05-06 02:17:07 [INFO ] BaseTest - ========== W-F-01-TC02: ??ng nh?p v?i m?t kh?u sai ==========
2026-05-06 02:17:07 [INFO ] BaseTest - B??c 1: Nh?p email h?p l?
2026-05-06 02:17:07 [INFO ] BasePage - Nh?p email: phongkaster@gmail.com
2026-05-06 02:17:07 [INFO ] ElementUtils - Nh?p text 'phongkaster@gmail.com' vào: By.name: email
2026-05-06 02:17:07 [INFO ] BaseTest - B??c 2: Nh?p m?t kh?u sai
2026-05-06 02:17:07 [INFO ] BasePage - Nh?p password
2026-05-06 02:17:07 [INFO ] ElementUtils - Nh?p text '1234455324' vào: By.name: password
2026-05-06 02:17:07 [INFO ] BaseTest - B??c 3: Nh?n nút ??ng nh?p
2026-05-06 02:17:07 [INFO ] BasePage - Nh?n nút ??ng nh?p
2026-05-06 02:17:07 [INFO ] ElementUtils - Click vào element: By.xpath: //button[@class='btn btn-primary'][@type='submit']
2026-05-06 02:17:17 [ERROR] BaseTest - TC02 FAILED: no such element: Unable to locate element: {"method":"xpath","selector":"//button[@class='btn btn-primary'][@type='submit']"}
  (Session info: chrome=147.0.7727.138)
For documentation on this error, please visit: https://www.selenium.dev/documentation/webdriver/troubleshooting/errors#no-such-element-exception
Build info: version: '4.15.0', revision: '1d14b5521b'
System info: os.name: 'Windows 11', os.arch: 'amd64', os.version: '10.0', java.version: '11.0.30'
Driver info: org.openqa.selenium.chrome.ChromeDriver
Command: [d4030d315b6dbb8e570a281c49b39ed9, findElement {using=xpath, value=//button[@class='btn btn-primary'][@type='submit']}]
Capabilities {acceptInsecureCerts: false, browserName: chrome, browserVersion: 147.0.7727.138, chrome: {chromedriverVersion: 147.0.7727.117 (474cc805edd..., userDataDir: C:\Users\ADMIN\AppData\Loca...}, fedcm:accounts: true, goog:chromeOptions: {debuggerAddress: localhost:58477}, goog:processID: 2508, networkConnectionEnabled: false, pageLoadStrategy: normal, platformName: windows, proxy: Proxy(), se:cdp: ws://localhost:58477/devtoo..., se:cdpVersion: 147.0.7727.138, setWindowRect: true, strictFileInteractability: false, timeouts: {implicit: 0, pageLoad: 300000, script: 30000}, unhandledPromptBehavior: dismiss and notify, webauthn:extension:credBlob: true, webauthn:extension:largeBlob: true, webauthn:extension:minPinLength: true, webauthn:extension:prf: true, webauthn:virtualAuthenticators: true}
Session ID: d4030d315b6dbb8e570a281c49b39ed9
2026-05-06 02:17:17 [INFO ] BaseTest - ========== W-F-01: B?t ??u Test Teardown ==========
2026-05-06 02:17:17 [INFO ] BaseTest - ========== B?t ??u Test Teardown ==========
2026-05-06 02:17:17 [INFO ] BaseTest - ?óng WebDriver
2026-05-06 02:17:17 [INFO ] BaseTest - ========== Test Teardown Hoàn Thành ==========
2026-05-06 02:17:17 [INFO ] BaseTest - ========== W-F-01: Test Teardown Hoàn Thành ==========
]]></system-out>
    <system-err><![CDATA[May 06, 2026 2:17:03 AM org.openqa.selenium.devtools.CdpVersionFinder findNearestMatch
WARNING: Unable to find CDP implementation matching 147
May 06, 2026 2:17:03 AM org.openqa.selenium.chromium.ChromiumDriver lambda$new$5
WARNING: Unable to find version of CDP to use for 147.0.7727.138. You may need to include a dependency on a specific version of the CDP using something similar to `org.seleniumhq.selenium:selenium-devtools-v86:4.15.0` where the version ("v86") matches the version of the chromium-based browser you're using and the version number of the artifact is the same as Selenium's.
]]></system-err>
  </testcase>
  <testcase name="testTC06_LoginWithSpecialCharactersInEmail" classname="com.umbrella.tests.web.LoginTest" time="15.192">
    <system-out><![CDATA[2026-05-06 02:17:17 [INFO ] BaseTest - ========== B?t ??u Test Setup ==========
2026-05-06 02:17:17 [INFO ] BaseTest - Kh?i t?o WebDriver cho browser: CHROME
2026-05-06 02:17:18 [INFO ] BaseTest - ?i?u h??ng ??n URL: http://localhost/umbrella-corporation
2026-05-06 02:17:21 [INFO ] BaseTest - ========== Test Setup Hoàn Thành ==========
2026-05-06 02:17:21 [INFO ] BaseTest - ?i?u h??ng ??n URL: http://localhost/umbrella-corporation
2026-05-06 02:17:22 [INFO ] BasePage - Kh?i t?o LoginPage
2026-05-06 02:17:22 [INFO ] BaseTest - Setup hoàn thành - Login page ?ã s?n sàng
2026-05-06 02:17:22 [INFO ] BaseTest - ========== W-F-01-TC06: ??ng nh?p v?i ký t? ??c bi?t trong email ==========
2026-05-06 02:17:22 [INFO ] BaseTest - B??c 1: Nh?p ký t? ??c bi?t vào ô email
2026-05-06 02:17:22 [INFO ] BasePage - Nh?p email: test!#$%@domain.com
2026-05-06 02:17:22 [INFO ] ElementUtils - Nh?p text 'test!#$%@domain.com' vào: By.name: email
2026-05-06 02:17:22 [INFO ] BaseTest - B??c 2: Nh?p password
2026-05-06 02:17:22 [INFO ] BasePage - Nh?p password
2026-05-06 02:17:22 [INFO ] ElementUtils - Nh?p text 'Test@123' vào: By.name: password
2026-05-06 02:17:22 [INFO ] BaseTest - B??c 3: Nh?n nút ??ng nh?p
2026-05-06 02:17:22 [INFO ] BasePage - Nh?n nút ??ng nh?p
2026-05-06 02:17:22 [INFO ] ElementUtils - Click vào element: By.xpath: //button[@class='btn btn-primary'][@type='submit']
2026-05-06 02:17:32 [ERROR] BaseTest - TC06: no such element: Unable to locate element: {"method":"xpath","selector":"//button[@class='btn btn-primary'][@type='submit']"}
  (Session info: chrome=147.0.7727.138)
For documentation on this error, please visit: https://www.selenium.dev/documentation/webdriver/troubleshooting/errors#no-such-element-exception
Build info: version: '4.15.0', revision: '1d14b5521b'
System info: os.name: 'Windows 11', os.arch: 'amd64', os.version: '10.0', java.version: '11.0.30'
Driver info: org.openqa.selenium.chrome.ChromeDriver
Command: [48445727e2444a6a72effd60b3cf791a, findElement {using=xpath, value=//button[@class='btn btn-primary'][@type='submit']}]
Capabilities {acceptInsecureCerts: false, browserName: chrome, browserVersion: 147.0.7727.138, chrome: {chromedriverVersion: 147.0.7727.117 (474cc805edd..., userDataDir: C:\Users\ADMIN\AppData\Loca...}, fedcm:accounts: true, goog:chromeOptions: {debuggerAddress: localhost:50434}, goog:processID: 18456, networkConnectionEnabled: false, pageLoadStrategy: normal, platformName: windows, proxy: Proxy(), se:cdp: ws://localhost:50434/devtoo..., se:cdpVersion: 147.0.7727.138, setWindowRect: true, strictFileInteractability: false, timeouts: {implicit: 0, pageLoad: 300000, script: 30000}, unhandledPromptBehavior: dismiss and notify, webauthn:extension:credBlob: true, webauthn:extension:largeBlob: true, webauthn:extension:minPinLength: true, webauthn:extension:prf: true, webauthn:virtualAuthenticators: true}
Session ID: 48445727e2444a6a72effd60b3cf791a
2026-05-06 02:17:32 [INFO ] BaseTest - ========== W-F-01: B?t ??u Test Teardown ==========
2026-05-06 02:17:32 [INFO ] BaseTest - ========== B?t ??u Test Teardown ==========
2026-05-06 02:17:32 [INFO ] BaseTest - ?óng WebDriver
2026-05-06 02:17:33 [INFO ] BaseTest - ========== Test Teardown Hoàn Thành ==========
2026-05-06 02:17:33 [INFO ] BaseTest - ========== W-F-01: Test Teardown Hoàn Thành ==========
]]></system-out>
    <system-err><![CDATA[May 06, 2026 2:17:18 AM org.openqa.selenium.devtools.CdpVersionFinder findNearestMatch
WARNING: Unable to find CDP implementation matching 147
May 06, 2026 2:17:18 AM org.openqa.selenium.chromium.ChromiumDriver lambda$new$5
WARNING: Unable to find version of CDP to use for 147.0.7727.138. You may need to include a dependency on a specific version of the CDP using something similar to `org.seleniumhq.selenium:selenium-devtools-v86:4.15.0` where the version ("v86") matches the version of the chromium-based browser you're using and the version number of the artifact is the same as Selenium's.
]]></system-err>
  </testcase>
  <testcase name="testTC01_LoginWithValidCredentials" classname="com.umbrella.tests.web.LoginTest" time="16.008">
    <failure message="TC01 FAILED - no such element: Unable to locate element: {&quot;method&quot;:&quot;xpath&quot;,&quot;selector&quot;:&quot;//button[@class=&apos;btn btn-primary&apos;][@type=&apos;submit&apos;]&quot;}&#10;  (Session info: chrome=147.0.7727.138)&#10;For documentation on this error, please visit: https://www.selenium.dev/documentation/webdriver/troubleshooting/errors#no-such-element-exception&#10;Build info: version: &apos;4.15.0&apos;, revision: &apos;1d14b5521b&apos;&#10;System info: os.name: &apos;Windows 11&apos;, os.arch: &apos;amd64&apos;, os.version: &apos;10.0&apos;, java.version: &apos;11.0.30&apos;&#10;Driver info: org.openqa.selenium.chrome.ChromeDriver&#10;Command: [a6d9eb42e6703f9abf85c2f9e669981f, findElement {using=xpath, value=//button[@class=&apos;btn btn-primary&apos;][@type=&apos;submit&apos;]}]&#10;Capabilities {acceptInsecureCerts: false, browserName: chrome, browserVersion: 147.0.7727.138, chrome: {chromedriverVersion: 147.0.7727.117 (474cc805edd..., userDataDir: C:\Users\ADMIN\AppData\Loca...}, fedcm:accounts: true, goog:chromeOptions: {debuggerAddress: localhost:56220}, goog:processID: 12988, networkConnectionEnabled: false, pageLoadStrategy: normal, platformName: windows, proxy: Proxy(), se:cdp: ws://localhost:56220/devtoo..., se:cdpVersion: 147.0.7727.138, setWindowRect: true, strictFileInteractability: false, timeouts: {implicit: 0, pageLoad: 300000, script: 30000}, unhandledPromptBehavior: dismiss and notify, webauthn:extension:credBlob: true, webauthn:extension:largeBlob: true, webauthn:extension:minPinLength: true, webauthn:extension:prf: true, webauthn:virtualAuthenticators: true}&#10;Session ID: a6d9eb42e6703f9abf85c2f9e669981f" type="java.lang.AssertionError"><![CDATA[java.lang.AssertionError: 
TC01 FAILED - no such element: Unable to locate element: {"method":"xpath","selector":"//button[@class='btn btn-primary'][@type='submit']"}
  (Session info: chrome=147.0.7727.138)
For documentation on this error, please visit: https://www.selenium.dev/documentation/webdriver/troubleshooting/errors#no-such-element-exception
Build info: version: '4.15.0', revision: '1d14b5521b'
System info: os.name: 'Windows 11', os.arch: 'amd64', os.version: '10.0', java.version: '11.0.30'
Driver info: org.openqa.selenium.chrome.ChromeDriver
Command: [a6d9eb42e6703f9abf85c2f9e669981f, findElement {using=xpath, value=//button[@class='btn btn-primary'][@type='submit']}]
Capabilities {acceptInsecureCerts: false, browserName: chrome, browserVersion: 147.0.7727.138, chrome: {chromedriverVersion: 147.0.7727.117 (474cc805edd..., userDataDir: C:\Users\ADMIN\AppData\Loca...}, fedcm:accounts: true, goog:chromeOptions: {debuggerAddress: localhost:56220}, goog:processID: 12988, networkConnectionEnabled: false, pageLoadStrategy: normal, platformName: windows, proxy: Proxy(), se:cdp: ws://localhost:56220/devtoo..., se:cdpVersion: 147.0.7727.138, setWindowRect: true, strictFileInteractability: false, timeouts: {implicit: 0, pageLoad: 300000, script: 30000}, unhandledPromptBehavior: dismiss and notify, webauthn:extension:credBlob: true, webauthn:extension:largeBlob: true, webauthn:extension:minPinLength: true, webauthn:extension:prf: true, webauthn:virtualAuthenticators: true}
Session ID: a6d9eb42e6703f9abf85c2f9e669981f
	at org.junit.Assert.fail(Assert.java:89)
	at org.junit.Assert.assertTrue(Assert.java:42)
	at com.umbrella.tests.web.LoginTest.testTC01_LoginWithValidCredentials(LoginTest.java:127)
	at java.base/jdk.internal.reflect.NativeMethodAccessorImpl.invoke0(Native Method)
	at java.base/jdk.internal.reflect.NativeMethodAccessorImpl.invoke(NativeMethodAccessorImpl.java:62)
	at java.base/jdk.internal.reflect.DelegatingMethodAccessorImpl.invoke(DelegatingMethodAccessorImpl.java:43)
	at java.base/java.lang.reflect.Method.invoke(Method.java:566)
	at org.junit.runners.model.FrameworkMethod$1.runReflectiveCall(FrameworkMethod.java:59)
	at org.junit.internal.runners.model.ReflectiveCallable.run(ReflectiveCallable.java:12)
	at org.junit.runners.model.FrameworkMethod.invokeExplosively(FrameworkMethod.java:56)
	at org.junit.internal.runners.statements.InvokeMethod.evaluate(InvokeMethod.java:17)
	at org.junit.internal.runners.statements.RunBefores.evaluate(RunBefores.java:26)
	at org.junit.internal.runners.statements.RunAfters.evaluate(RunAfters.java:27)
	at org.junit.runners.ParentRunner$3.evaluate(ParentRunner.java:306)
	at org.junit.runners.BlockJUnit4ClassRunner$1.evaluate(BlockJUnit4ClassRunner.java:100)
	at org.junit.runners.ParentRunner.runLeaf(ParentRunner.java:366)
	at org.junit.runners.BlockJUnit4ClassRunner.runChild(BlockJUnit4ClassRunner.java:103)
	at org.junit.runners.BlockJUnit4ClassRunner.runChild(BlockJUnit4ClassRunner.java:63)
	at org.junit.runners.ParentRunner$4.run(ParentRunner.java:331)
	at org.junit.runners.ParentRunner$1.schedule(ParentRunner.java:79)
	at org.junit.runners.ParentRunner.runChildren(ParentRunner.java:329)
	at org.junit.runners.ParentRunner.access$100(ParentRunner.java:66)
	at org.junit.runners.ParentRunner$2.evaluate(ParentRunner.java:293)
	at org.junit.runners.ParentRunner$3.evaluate(ParentRunner.java:306)
	at org.junit.runners.ParentRunner.run(ParentRunner.java:413)
	at org.apache.maven.surefire.junit4.JUnit4Provider.execute(JUnit4Provider.java:316)
	at org.apache.maven.surefire.junit4.JUnit4Provider.executeWithRerun(JUnit4Provider.java:240)
	at org.apache.maven.surefire.junit4.JUnit4Provider.executeTestSet(JUnit4Provider.java:214)
	at org.apache.maven.surefire.junit4.JUnit4Provider.invoke(JUnit4Provider.java:155)
	at org.apache.maven.surefire.booter.ForkedBooter.runSuitesInProcess(ForkedBooter.java:385)
	at org.apache.maven.surefire.booter.ForkedBooter.execute(ForkedBooter.java:162)
	at org.apache.maven.surefire.booter.ForkedBooter.run(ForkedBooter.java:507)
	at org.apache.maven.surefire.booter.ForkedBooter.main(ForkedBooter.java:495)
]]></failure>
    <system-out><![CDATA[2026-05-06 02:17:33 [INFO ] BaseTest - ========== B?t ??u Test Setup ==========
2026-05-06 02:17:33 [INFO ] BaseTest - Kh?i t?o WebDriver cho browser: CHROME
2026-05-06 02:17:34 [INFO ] BaseTest - ?i?u h??ng ??n URL: http://localhost/umbrella-corporation
2026-05-06 02:17:37 [INFO ] BaseTest - ========== Test Setup Hoàn Thành ==========
2026-05-06 02:17:37 [INFO ] BaseTest - ?i?u h??ng ??n URL: http://localhost/umbrella-corporation
2026-05-06 02:17:38 [INFO ] BasePage - Kh?i t?o LoginPage
2026-05-06 02:17:38 [INFO ] BaseTest - Setup hoàn thành - Login page ?ã s?n sàng
2026-05-06 02:17:38 [INFO ] BaseTest - ========== W-F-01-TC01: ??ng nh?p v?i email và m?t kh?u h?p l? ==========
2026-05-06 02:17:38 [INFO ] BaseTest - B??c 1: Nh?p email h?p l?
2026-05-06 02:17:38 [INFO ] BasePage - Nh?p email: phongkaster@gmail.com
2026-05-06 02:17:38 [INFO ] ElementUtils - Nh?p text 'phongkaster@gmail.com' vào: By.name: email
2026-05-06 02:17:38 [INFO ] BaseTest - B??c 2: Nh?p m?t kh?u ?úng
2026-05-06 02:17:38 [INFO ] BasePage - Nh?p password
2026-05-06 02:17:38 [INFO ] ElementUtils - Nh?p text '123456' vào: By.name: password
2026-05-06 02:17:38 [INFO ] BaseTest - B??c 3: Nh?n nút ??ng nh?p
2026-05-06 02:17:38 [INFO ] BasePage - Nh?n nút ??ng nh?p
2026-05-06 02:17:38 [INFO ] ElementUtils - Click vào element: By.xpath: //button[@class='btn btn-primary'][@type='submit']
2026-05-06 02:17:48 [ERROR] BaseTest - TC01 FAILED: no such element: Unable to locate element: {"method":"xpath","selector":"//button[@class='btn btn-primary'][@type='submit']"}
  (Session info: chrome=147.0.7727.138)
For documentation on this error, please visit: https://www.selenium.dev/documentation/webdriver/troubleshooting/errors#no-such-element-exception
Build info: version: '4.15.0', revision: '1d14b5521b'
System info: os.name: 'Windows 11', os.arch: 'amd64', os.version: '10.0', java.version: '11.0.30'
Driver info: org.openqa.selenium.chrome.ChromeDriver
Command: [a6d9eb42e6703f9abf85c2f9e669981f, findElement {using=xpath, value=//button[@class='btn btn-primary'][@type='submit']}]
Capabilities {acceptInsecureCerts: false, browserName: chrome, browserVersion: 147.0.7727.138, chrome: {chromedriverVersion: 147.0.7727.117 (474cc805edd..., userDataDir: C:\Users\ADMIN\AppData\Loca...}, fedcm:accounts: true, goog:chromeOptions: {debuggerAddress: localhost:56220}, goog:processID: 12988, networkConnectionEnabled: false, pageLoadStrategy: normal, platformName: windows, proxy: Proxy(), se:cdp: ws://localhost:56220/devtoo..., se:cdpVersion: 147.0.7727.138, setWindowRect: true, strictFileInteractability: false, timeouts: {implicit: 0, pageLoad: 300000, script: 30000}, unhandledPromptBehavior: dismiss and notify, webauthn:extension:credBlob: true, webauthn:extension:largeBlob: true, webauthn:extension:minPinLength: true, webauthn:extension:prf: true, webauthn:virtualAuthenticators: true}
Session ID: a6d9eb42e6703f9abf85c2f9e669981f
2026-05-06 02:17:48 [INFO ] BaseTest - ========== W-F-01: B?t ??u Test Teardown ==========
2026-05-06 02:17:48 [INFO ] BaseTest - ========== B?t ??u Test Teardown ==========
2026-05-06 02:17:48 [INFO ] BaseTest - ?óng WebDriver
2026-05-06 02:17:49 [INFO ] BaseTest - ========== Test Teardown Hoàn Thành ==========
2026-05-06 02:17:49 [INFO ] BaseTest - ========== W-F-01: Test Teardown Hoàn Thành ==========
]]></system-out>
    <system-err><![CDATA[May 06, 2026 2:17:33 AM org.openqa.selenium.devtools.CdpVersionFinder findNearestMatch
WARNING: Unable to find CDP implementation matching 147
May 06, 2026 2:17:33 AM org.openqa.selenium.chromium.ChromiumDriver lambda$new$5
WARNING: Unable to find version of CDP to use for 147.0.7727.138. You may need to include a dependency on a specific version of the CDP using something similar to `org.seleniumhq.selenium:selenium-devtools-v86:4.15.0` where the version ("v86") matches the version of the chromium-based browser you're using and the version number of the artifact is the same as Selenium's.
]]></system-err>
  </testcase>
  <testcase name="testTC09_LoginPageNavigationLinks" classname="com.umbrella.tests.web.LoginTest" time="5.354">
    <system-out><![CDATA[2026-05-06 02:17:49 [INFO ] BaseTest - ========== B?t ??u Test Setup ==========
2026-05-06 02:17:49 [INFO ] BaseTest - Kh?i t?o WebDriver cho browser: CHROME
2026-05-06 02:17:49 [INFO ] BaseTest - ?i?u h??ng ??n URL: http://localhost/umbrella-corporation
2026-05-06 02:17:52 [INFO ] BaseTest - ========== Test Setup Hoàn Thành ==========
2026-05-06 02:17:52 [INFO ] BaseTest - ?i?u h??ng ??n URL: http://localhost/umbrella-corporation
2026-05-06 02:17:54 [INFO ] BasePage - Kh?i t?o LoginPage
2026-05-06 02:17:54 [INFO ] BaseTest - Setup hoàn thành - Login page ?ã s?n sàng
2026-05-06 02:17:54 [INFO ] BaseTest - ========== W-F-01-TC09: Ki?m tra các link ?i?u h??ng ==========
2026-05-06 02:17:54 [INFO ] BaseTest - B??c 1: Ki?m tra link 'Quên m?t kh?u'
2026-05-06 02:17:54 [INFO ] BaseTest - ? TC09: Navigation links test completed
2026-05-06 02:17:54 [INFO ] BaseTest - ========== W-F-01: B?t ??u Test Teardown ==========
2026-05-06 02:17:54 [INFO ] BaseTest - ========== B?t ??u Test Teardown ==========
2026-05-06 02:17:54 [INFO ] BaseTest - ?óng WebDriver
2026-05-06 02:17:54 [INFO ] BaseTest - ========== Test Teardown Hoàn Thành ==========
2026-05-06 02:17:54 [INFO ] BaseTest - ========== W-F-01: Test Teardown Hoàn Thành ==========
]]></system-out>
    <system-err><![CDATA[May 06, 2026 2:17:49 AM org.openqa.selenium.devtools.CdpVersionFinder findNearestMatch
WARNING: Unable to find CDP implementation matching 147
May 06, 2026 2:17:49 AM org.openqa.selenium.chromium.ChromiumDriver lambda$new$5
WARNING: Unable to find version of CDP to use for 147.0.7727.138. You may need to include a dependency on a specific version of the CDP using something similar to `org.seleniumhq.selenium:selenium-devtools-v86:4.15.0` where the version ("v86") matches the version of the chromium-based browser you're using and the version number of the artifact is the same as Selenium's.
]]></system-err>
  </testcase>
  <testcase name="testTC03_LoginWithNonExistentEmail" classname="com.umbrella.tests.web.LoginTest" time="14.993">
    <failure message="TC03 FAILED - no such element: Unable to locate element: {&quot;method&quot;:&quot;xpath&quot;,&quot;selector&quot;:&quot;//button[@class=&apos;btn btn-primary&apos;][@type=&apos;submit&apos;]&quot;}&#10;  (Session info: chrome=147.0.7727.138)&#10;For documentation on this error, please visit: https://www.selenium.dev/documentation/webdriver/troubleshooting/errors#no-such-element-exception&#10;Build info: version: &apos;4.15.0&apos;, revision: &apos;1d14b5521b&apos;&#10;System info: os.name: &apos;Windows 11&apos;, os.arch: &apos;amd64&apos;, os.version: &apos;10.0&apos;, java.version: &apos;11.0.30&apos;&#10;Driver info: org.openqa.selenium.chrome.ChromeDriver&#10;Command: [d65bfd7beb1dfdc7df641e856e8438e5, findElement {using=xpath, value=//button[@class=&apos;btn btn-primary&apos;][@type=&apos;submit&apos;]}]&#10;Capabilities {acceptInsecureCerts: false, browserName: chrome, browserVersion: 147.0.7727.138, chrome: {chromedriverVersion: 147.0.7727.117 (474cc805edd..., userDataDir: C:\Users\ADMIN\AppData\Loca...}, fedcm:accounts: true, goog:chromeOptions: {debuggerAddress: localhost:52567}, goog:processID: 20044, networkConnectionEnabled: false, pageLoadStrategy: normal, platformName: windows, proxy: Proxy(), se:cdp: ws://localhost:52567/devtoo..., se:cdpVersion: 147.0.7727.138, setWindowRect: true, strictFileInteractability: false, timeouts: {implicit: 0, pageLoad: 300000, script: 30000}, unhandledPromptBehavior: dismiss and notify, webauthn:extension:credBlob: true, webauthn:extension:largeBlob: true, webauthn:extension:minPinLength: true, webauthn:extension:prf: true, webauthn:virtualAuthenticators: true}&#10;Session ID: d65bfd7beb1dfdc7df641e856e8438e5" type="java.lang.AssertionError"><![CDATA[java.lang.AssertionError: 
TC03 FAILED - no such element: Unable to locate element: {"method":"xpath","selector":"//button[@class='btn btn-primary'][@type='submit']"}
  (Session info: chrome=147.0.7727.138)
For documentation on this error, please visit: https://www.selenium.dev/documentation/webdriver/troubleshooting/errors#no-such-element-exception
Build info: version: '4.15.0', revision: '1d14b5521b'
System info: os.name: 'Windows 11', os.arch: 'amd64', os.version: '10.0', java.version: '11.0.30'
Driver info: org.openqa.selenium.chrome.ChromeDriver
Command: [d65bfd7beb1dfdc7df641e856e8438e5, findElement {using=xpath, value=//button[@class='btn btn-primary'][@type='submit']}]
Capabilities {acceptInsecureCerts: false, browserName: chrome, browserVersion: 147.0.7727.138, chrome: {chromedriverVersion: 147.0.7727.117 (474cc805edd..., userDataDir: C:\Users\ADMIN\AppData\Loca...}, fedcm:accounts: true, goog:chromeOptions: {debuggerAddress: localhost:52567}, goog:processID: 20044, networkConnectionEnabled: false, pageLoadStrategy: normal, platformName: windows, proxy: Proxy(), se:cdp: ws://localhost:52567/devtoo..., se:cdpVersion: 147.0.7727.138, setWindowRect: true, strictFileInteractability: false, timeouts: {implicit: 0, pageLoad: 300000, script: 30000}, unhandledPromptBehavior: dismiss and notify, webauthn:extension:credBlob: true, webauthn:extension:largeBlob: true, webauthn:extension:minPinLength: true, webauthn:extension:prf: true, webauthn:virtualAuthenticators: true}
Session ID: d65bfd7beb1dfdc7df641e856e8438e5
	at org.junit.Assert.fail(Assert.java:89)
	at org.junit.Assert.assertTrue(Assert.java:42)
	at com.umbrella.tests.web.LoginTest.testTC03_LoginWithNonExistentEmail(LoginTest.java:271)
	at java.base/jdk.internal.reflect.NativeMethodAccessorImpl.invoke0(Native Method)
	at java.base/jdk.internal.reflect.NativeMethodAccessorImpl.invoke(NativeMethodAccessorImpl.java:62)
	at java.base/jdk.internal.reflect.DelegatingMethodAccessorImpl.invoke(DelegatingMethodAccessorImpl.java:43)
	at java.base/java.lang.reflect.Method.invoke(Method.java:566)
	at org.junit.runners.model.FrameworkMethod$1.runReflectiveCall(FrameworkMethod.java:59)
	at org.junit.internal.runners.model.ReflectiveCallable.run(ReflectiveCallable.java:12)
	at org.junit.runners.model.FrameworkMethod.invokeExplosively(FrameworkMethod.java:56)
	at org.junit.internal.runners.statements.InvokeMethod.evaluate(InvokeMethod.java:17)
	at org.junit.internal.runners.statements.RunBefores.evaluate(RunBefores.java:26)
	at org.junit.internal.runners.statements.RunAfters.evaluate(RunAfters.java:27)
	at org.junit.runners.ParentRunner$3.evaluate(ParentRunner.java:306)
	at org.junit.runners.BlockJUnit4ClassRunner$1.evaluate(BlockJUnit4ClassRunner.java:100)
	at org.junit.runners.ParentRunner.runLeaf(ParentRunner.java:366)
	at org.junit.runners.BlockJUnit4ClassRunner.runChild(BlockJUnit4ClassRunner.java:103)
	at org.junit.runners.BlockJUnit4ClassRunner.runChild(BlockJUnit4ClassRunner.java:63)
	at org.junit.runners.ParentRunner$4.run(ParentRunner.java:331)
	at org.junit.runners.ParentRunner$1.schedule(ParentRunner.java:79)
	at org.junit.runners.ParentRunner.runChildren(ParentRunner.java:329)
	at org.junit.runners.ParentRunner.access$100(ParentRunner.java:66)
	at org.junit.runners.ParentRunner$2.evaluate(ParentRunner.java:293)
	at org.junit.runners.ParentRunner$3.evaluate(ParentRunner.java:306)
	at org.junit.runners.ParentRunner.run(ParentRunner.java:413)
	at org.apache.maven.surefire.junit4.JUnit4Provider.execute(JUnit4Provider.java:316)
	at org.apache.maven.surefire.junit4.JUnit4Provider.executeWithRerun(JUnit4Provider.java:240)
	at org.apache.maven.surefire.junit4.JUnit4Provider.executeTestSet(JUnit4Provider.java:214)
	at org.apache.maven.surefire.junit4.JUnit4Provider.invoke(JUnit4Provider.java:155)
	at org.apache.maven.surefire.booter.ForkedBooter.runSuitesInProcess(ForkedBooter.java:385)
	at org.apache.maven.surefire.booter.ForkedBooter.execute(ForkedBooter.java:162)
	at org.apache.maven.surefire.booter.ForkedBooter.run(ForkedBooter.java:507)
	at org.apache.maven.surefire.booter.ForkedBooter.main(ForkedBooter.java:495)
]]></failure>
    <system-out><![CDATA[2026-05-06 02:17:54 [INFO ] BaseTest - ========== B?t ??u Test Setup ==========
2026-05-06 02:17:54 [INFO ] BaseTest - Kh?i t?o WebDriver cho browser: CHROME
2026-05-06 02:17:55 [INFO ] BaseTest - ?i?u h??ng ??n URL: http://localhost/umbrella-corporation
2026-05-06 02:17:57 [INFO ] BaseTest - ========== Test Setup Hoàn Thành ==========
2026-05-06 02:17:57 [INFO ] BaseTest - ?i?u h??ng ??n URL: http://localhost/umbrella-corporation
2026-05-06 02:17:59 [INFO ] BasePage - Kh?i t?o LoginPage
2026-05-06 02:17:59 [INFO ] BaseTest - Setup hoàn thành - Login page ?ã s?n sàng
2026-05-06 02:17:59 [INFO ] BaseTest - ========== W-F-01-TC03: ??ng nh?p v?i email không t?n t?i ==========
2026-05-06 02:17:59 [INFO ] BaseTest - B??c 1: Nh?p email ch?a ??ng ký
2026-05-06 02:17:59 [INFO ] BasePage - Nh?p email: hehe@test.com
2026-05-06 02:17:59 [INFO ] ElementUtils - Nh?p text 'hehe@test.com' vào: By.name: email
2026-05-06 02:17:59 [INFO ] BaseTest - B??c 2: Nh?p m?t kh?u b?t k?
2026-05-06 02:17:59 [INFO ] BasePage - Nh?p password
2026-05-06 02:17:59 [INFO ] ElementUtils - Nh?p text 'Test@123' vào: By.name: password
2026-05-06 02:17:59 [INFO ] BaseTest - B??c 3: Nh?n nút ??ng nh?p
2026-05-06 02:17:59 [INFO ] BasePage - Nh?n nút ??ng nh?p
2026-05-06 02:17:59 [INFO ] ElementUtils - Click vào element: By.xpath: //button[@class='btn btn-primary'][@type='submit']
2026-05-06 02:18:09 [ERROR] BaseTest - TC03 FAILED: no such element: Unable to locate element: {"method":"xpath","selector":"//button[@class='btn btn-primary'][@type='submit']"}
  (Session info: chrome=147.0.7727.138)
For documentation on this error, please visit: https://www.selenium.dev/documentation/webdriver/troubleshooting/errors#no-such-element-exception
Build info: version: '4.15.0', revision: '1d14b5521b'
System info: os.name: 'Windows 11', os.arch: 'amd64', os.version: '10.0', java.version: '11.0.30'
Driver info: org.openqa.selenium.chrome.ChromeDriver
Command: [d65bfd7beb1dfdc7df641e856e8438e5, findElement {using=xpath, value=//button[@class='btn btn-primary'][@type='submit']}]
Capabilities {acceptInsecureCerts: false, browserName: chrome, browserVersion: 147.0.7727.138, chrome: {chromedriverVersion: 147.0.7727.117 (474cc805edd..., userDataDir: C:\Users\ADMIN\AppData\Loca...}, fedcm:accounts: true, goog:chromeOptions: {debuggerAddress: localhost:52567}, goog:processID: 20044, networkConnectionEnabled: false, pageLoadStrategy: normal, platformName: windows, proxy: Proxy(), se:cdp: ws://localhost:52567/devtoo..., se:cdpVersion: 147.0.7727.138, setWindowRect: true, strictFileInteractability: false, timeouts: {implicit: 0, pageLoad: 300000, script: 30000}, unhandledPromptBehavior: dismiss and notify, webauthn:extension:credBlob: true, webauthn:extension:largeBlob: true, webauthn:extension:minPinLength: true, webauthn:extension:prf: true, webauthn:virtualAuthenticators: true}
Session ID: d65bfd7beb1dfdc7df641e856e8438e5
2026-05-06 02:18:09 [INFO ] BaseTest - ========== W-F-01: B?t ??u Test Teardown ==========
2026-05-06 02:18:09 [INFO ] BaseTest - ========== B?t ??u Test Teardown ==========
2026-05-06 02:18:09 [INFO ] BaseTest - ?óng WebDriver
2026-05-06 02:18:09 [INFO ] BaseTest - ========== Test Teardown Hoàn Thành ==========
2026-05-06 02:18:09 [INFO ] BaseTest - ========== W-F-01: Test Teardown Hoàn Thành ==========
]]></system-out>
    <system-err><![CDATA[May 06, 2026 2:17:55 AM org.openqa.selenium.devtools.CdpVersionFinder findNearestMatch
WARNING: Unable to find CDP implementation matching 147
May 06, 2026 2:17:55 AM org.openqa.selenium.chromium.ChromiumDriver lambda$new$5
WARNING: Unable to find version of CDP to use for 147.0.7727.138. You may need to include a dependency on a specific version of the CDP using something similar to `org.seleniumhq.selenium:selenium-devtools-v86:4.15.0` where the version ("v86") matches the version of the chromium-based browser you're using and the version number of the artifact is the same as Selenium's.
]]></system-err>
  </testcase>
</testsuite>